C51 COMPILER V9.60.7.0   MAIN                                                              03/05/2023 18:51:12 PAGE 1   


C51 COMPILER V9.60.7.0, COMPILATION OF MODULE MAIN
OBJECT MODULE PLACED IN .\Objects\main.obj
COMPILER INVOKED BY: E:\keil5_MDKorC51\C51\BIN\C51.EXE main.c OPTIMIZE(8,SPEED) BROWSE INCDIR(E:\keil5_MDKorC51\C51\INC\
                    -Atmel) DEBUG OBJECTEXTEND PRINT(.\Listings\main.lst) OBJECT(.\Objects\main.obj)

line level    source

   1          #include <REGX52.H>
   2          #include "Delay.h"
   3          #include "Nixie_Tube.h"
   4          
   5          int main(void)
   6          {  
   7   1              for (;;)
   8   1              {
   9   2              Input(6,1);
  10   2              Input(7,0);
  11   2              Input(8,0);
  12   2              }
  13   1              return 0;
  14   1      }
*** WARNING C294 IN LINE 13 OF main.c: unreachable code


MODULE INFORMATION:   STATIC OVERLAYABLE
   CODE SIZE        =     23    ----
   CONSTANT SIZE    =   ----    ----
   XDATA SIZE       =   ----    ----
   PDATA SIZE       =   ----    ----
   DATA SIZE        =   ----    ----
   IDATA SIZE       =   ----    ----
   BIT SIZE         =   ----    ----
END OF MODULE INFORMATION.


C51 COMPILATION COMPLETE.  1 WARNING(S),  0 ERROR(S)
