C51 COMPILER V9.60.7.0   NIXIE_TUBE                                                        03/05/2023 18:51:12 PAGE 1   


C51 COMPILER V9.60.7.0, COMPILATION OF MODULE NIXIE_TUBE
OBJECT MODULE PLACED IN .\Objects\Nixie_Tube.obj
COMPILER INVOKED BY: E:\keil5_MDKorC51\C51\BIN\C51.EXE Nixie_Tube.c OPTIMIZE(8,SPEED) BROWSE INCDIR(E:\keil5_MDKorC51\C5
                    -1\INC\Atmel) DEBUG OBJECTEXTEND PRINT(.\Listings\Nixie_Tube.lst) OBJECT(.\Objects\Nixie_Tube.obj)

line level    source

   1          #include <REGX52.H>
   2          
   3          #include "Delay.h"
   4          
   5          char ch[] = {0x3F,0x06,0x5B,0x4F,0x66,0x6D,0x7D,0x07,0x7F,0x6F};
   6          
   7          void Input(char input, char Num)
   8          {
   9   1          switch(input)
  10   1          {
  11   2          case 1: P2_4 = 1;P2_3 = 1;P2_2 = 1; break;
  12   2          case 2: P2_4 = 1;P2_3 = 1;P2_2 = 0; break;
  13   2          case 3: P2_4 = 1;P2_3 = 0;P2_2 = 1; break;
  14   2          case 4: P2_4 = 1;P2_3 = 0;P2_2 = 0; break;
  15   2          case 5: P2_4 = 0;P2_3 = 1;P2_2 = 1; break;
  16   2          case 6: P2_4 = 0;P2_3 = 1;P2_2 = 0; break;
  17   2          case 7: P2_4 = 0;P2_3 = 0;P2_2 = 1; break;
  18   2          case 8: P2_4 = 0;P2_3 = 0;P2_2 = 0; break;
  19   2          }
  20   1          P0 = ch[Num];
  21   1          Delay(1);
  22   1          P2_4 = 0;P2_3 = 0;P2_2 = 0;
  23   1          //Delay(1);
  24   1      }
  25          


MODULE INFORMATION:   STATIC OVERLAYABLE
   CODE SIZE        =    112    ----
   CONSTANT SIZE    =   ----    ----
   XDATA SIZE       =   ----    ----
   PDATA SIZE       =   ----    ----
   DATA SIZE        =     10    ----
   IDATA SIZE       =   ----    ----
   BIT SIZE         =   ----    ----
END OF MODULE INFORMATION.


C51 COMPILATION COMPLETE.  0 WARNING(S),  0 ERROR(S)
