C51 COMPILER V9.54   DS1302                                                                01/08/2023 19:52:29 PAGE 1   


C51 COMPILER V9.54, COMPILATION OF MODULE DS1302
OBJECT MODULE PLACED IN .\Objects\DS1302.obj
COMPILER INVOKED BY: E:\Keil5 C51\C51\BIN\C51.EXE DS1302.c OPTIMIZE(8,SPEED) BROWSE DEBUG OBJECTEXTEND PRINT(.\Listings\
                    -DS1302.lst) OBJECT(.\Objects\DS1302.obj)

line level    source

   1          #include <REGX52.H>
   2          
   3          sbit DS_SCLK = P3^6;
   4          sbit DS_IO = P3^4;
   5          sbit DS_CE = P3^5;
   6          
   7          u8 Time[] = {23,01,08,19,35,00,7};
*** ERROR C251 IN LINE 7 OF DS1302.c: illegal octal digit
   8          
   9          void DS1302_Init()
  10          {
  11   1          DS_CE = 0;
  12   1          DS_SCLK = 0;
  13   1      }
  14          
  15          void DS1302_WriteByte(u8 command, u8 dat)
  16          {
  17   1          u8 i = 0;
  18   1          DS_CE = 1;
  19   1          for(i = 0; i < 8; i++)
  20   1          {
  21   2              DS_IO = command & (0x01<<i);
  22   2              DS_SCLK = 1;
  23   2              DS_SCLK = 0;
  24   2          }
  25   1          for(i = 0; i < 8; i++)
  26   1          {
  27   2              DS_IO = dat & (0x01<<i);
  28   2              DS_SCLK = 1;
  29   2              DS_SCLK = 0;
  30   2          }
  31   1          DS_CE = 0;
  32   1      }
  33          
  34          u8 DS1302_ReadByte(u8 command)
  35          {
  36   1          u8 i = 0;
  37   1          u8 dat = 0;
  38   1          DS_CE = 1;
  39   1          for(i = 0; i < 8; i++)
  40   1          {
  41   2              DS_IO = command & (0x01<<i);
  42   2              DS_SCLK = 0;
  43   2              DS_SCLK = 1;
  44   2          }
  45   1          for(i = 0; i<8; i++)
  46   1          {
  47   2              DS_SCLK = 1;
  48   2              DS_SCLK = 0;    
  49   2              if(DS_IO)
  50   2                  dat |= (0x01<<i);
  51   2          }
  52   1          DS_CE = 0;
  53   1          DS_IO = 0;
C51 COMPILER V9.54   DS1302                                                                01/08/2023 19:52:29 PAGE 2   

  54   1          return dat;
  55   1      }
  56          
  57          void DS1302_set_time()
  58          {
  59   1          u8 i = 0;
  60   1          for(i = 0; i<7; i++)
  61   1          {
  62   2              DS1302_WriteByte((0x80+i), time[i]);//秒
*** ERROR C202 IN LINE 62 OF DS1302.c: 'time': undefined identifier
  63   2          }
  64   1      //    DS1302_WriteByte(0x80, time[]);//秒
  65   1      //    DS1302_WriteByte(0x82, 0x51);//分
  66   1      //    DS1302_WriteByte(0x84, 0x13);//时
  67   1      //    
  68   1      //    DS1302_WriteByte(0x86, 0x08);//日
  69   1      //    DS1302_WriteByte(0x88, 0x01);//月
  70   1      //    DS1302_WriteByte(0x8C, 0x23);//年
  71   1      //    DS1302_WriteByte(0x8A, 0x07);//星期
  72   1      }
  73          
  74          void DS1302_read_time()
  75          {
  76   1          
  77   1      }
  78          
  79          
  80          

C51 COMPILATION COMPLETE.  0 WARNING(S),  2 ERROR(S)
