C51 COMPILER V9.54   MAIN                                                                  01/08/2023 19:52:29 PAGE 1   


C51 COMPILER V9.54, COMPILATION OF MODULE MAIN
OBJECT MODULE PLACED IN .\Objects\main.obj
COMPILER INVOKED BY: E:\Keil5 C51\C51\BIN\C51.EXE main.c OPTIMIZE(8,SPEED) BROWSE DEBUG OBJECTEXTEND PRINT(.\Listings\ma
                    -in.lst) OBJECT(.\Objects\main.obj)

line level    source

   1          #include <REGX52.H>
   2          #include "LCD1602.h"
   3          #include "DS1302.h"
   4          #include "Delay.h"
   5          
   6          u8 Sec;
   7          u8 Min;
   8          u8 Hour;
   9          u8 Day;
  10          u8 Mon;
  11          u8 Year;
  12          u8 days;
  13          
  14          int main(void)
  15          {
  16   1              LCD_Init();
  17   1          DS1302_Init();
  18   1          
  19   1          LCD_ShowString(1,1,"TIME:20");
  20   1          //DS1302_WriteByte(0x8E, 0x00);
  21   1      
  22   1              for(;;)
  23   1              {
  24   2              Sec = DS1302_ReadByte(0x81);
  25   2              Min = DS1302_ReadByte(0x83);
  26   2              Hour = DS1302_ReadByte(0x85);
  27   2              Day = DS1302_ReadByte(0x87);
  28   2              Mon = DS1302_ReadByte(0x89);
  29   2              Year = DS1302_ReadByte(0x8D);
  30   2              days = DS1302_ReadByte(0x8B);
  31   2              
  32   2              LCD_ShowNum(2,13,Sec/16*10+Sec%16,2);
  33   2              LCD_ShowChar(2,12,':');
  34   2              LCD_ShowNum(2,10,Min/16*10+Min%16,2);
  35   2              LCD_ShowChar(2,9,':');
  36   2              LCD_ShowNum(2,7,Hour/16*10+Hour%16,2);
  37   2              
  38   2              LCD_ShowNum(1,14,Day/16*10+Day%16,2);
  39   2              LCD_ShowChar(1,13,'/');
  40   2              LCD_ShowNum(1,11,Mon/16*10+Mon%16,2);
  41   2              LCD_ShowChar(1,10,'/');
  42   2              LCD_ShowNum(1,8,Year/16*10+Year%16,2);
  43   2              //Delay(1000);
  44   2              LCD_ShowNum(2,1,days/16*10+days%16,2);
  45   2              }
  46   1              return 0;
  47   1      }
*** WARNING C294 IN LINE 46 OF main.c: unreachable code


MODULE INFORMATION:   STATIC OVERLAYABLE
   CODE SIZE        =    331    ----
   CONSTANT SIZE    =      8    ----
   XDATA SIZE       =   ----    ----
C51 COMPILER V9.54   MAIN                                                                  01/08/2023 19:52:29 PAGE 2   

   PDATA SIZE       =   ----    ----
   DATA SIZE        =      7    ----
   IDATA SIZE       =   ----    ----
   BIT SIZE         =   ----    ----
END OF MODULE INFORMATION.


C51 COMPILATION COMPLETE.  1 WARNING(S),  0 ERROR(S)
