C51 COMPILER V9.60.7.0   DELAY                                                             03/26/2023 21:17:31 PAGE 1   


C51 COMPILER V9.60.7.0, COMPILATION OF MODULE DELAY
OBJECT MODULE PLACED IN .\Objects\delay.obj
COMPILER INVOKED BY: E:\keil5_MDKorC51\C51\BIN\C51.EXE delay.c OPTIMIZE(8,SPEED) BROWSE INCDIR(E:\keil5_MDKorC51\C51\INC
                    -\Atmel) DEBUG OBJECTEXTEND PRINT(.\Listings\delay.lst) OBJECT(.\Objects\delay.obj)

line level    source

   1          
   2          void delay(unsigned int x)
   3          {
   4   1          while (x--)
   5   1          {
   6   2              unsigned char i, j;
   7   2              i = 2;
   8   2              j = 199;
   9   2              do
  10   2              {
  11   3                  while (--j);
  12   3              } while (--i);
  13   2          }
  14   1      }


MODULE INFORMATION:   STATIC OVERLAYABLE
   CODE SIZE        =     25    ----
   CONSTANT SIZE    =   ----    ----
   XDATA SIZE       =   ----    ----
   PDATA SIZE       =   ----    ----
   DATA SIZE        =   ----       2
   IDATA SIZE       =   ----    ----
   BIT SIZE         =   ----    ----
END OF MODULE INFORMATION.


C51 COMPILATION COMPLETE.  0 WARNING(S),  0 ERROR(S)
