C51 COMPILER V9.54   DELAY                                                                 01/06/2023 21:39:46 PAGE 1   


C51 COMPILER V9.54, COMPILATION OF MODULE DELAY
OBJECT MODULE PLACED IN .\Objects\Delay.obj
COMPILER INVOKED BY: E:\Keil5 C51\C51\BIN\C51.EXE Delay.c OPTIMIZE(8,SPEED) BROWSE DEBUG OBJECTEXTEND PRINT(.\Listings\D
                    -elay.lst) OBJECT(.\Objects\Delay.obj)

line level    source

   1          #include "Delay.h"
   2          
   3          void Delay(unsigned int xms)//延时任意毫秒
   4          {
   5   1          unsigned int k = 0;
   6   1          unsigned char i, j;
   7   1          for(k = 0; k <xms; k++)
   8   1          {
   9   2              i = 2;
  10   2              j = 239;
  11   2              do
  12   2              {
  13   3                  while (--j);
  14   3              } while (--i);
  15   2          }
  16   1      }
  17          
  18          void Delay10us()//延时10微秒
  19          {
  20   1              unsigned char i;
  21   1      
  22   1              //_nop_();
  23   1              i = 247;
  24   1              while (--i);
  25   1      }


MODULE INFORMATION:   STATIC OVERLAYABLE
   CODE SIZE        =     31    ----
   CONSTANT SIZE    =   ----    ----
   XDATA SIZE       =   ----    ----
   PDATA SIZE       =   ----    ----
   DATA SIZE        =   ----    ----
   IDATA SIZE       =   ----    ----
   BIT SIZE         =   ----    ----
END OF MODULE INFORMATION.


C51 COMPILATION COMPLETE.  0 WARNING(S),  0 ERROR(S)
