C51 COMPILER V9.54   MAIN                                                                  01/06/2023 21:39:46 PAGE 1   


C51 COMPILER V9.54, COMPILATION OF MODULE MAIN
OBJECT MODULE PLACED IN .\Objects\main.obj
COMPILER INVOKED BY: E:\Keil5 C51\C51\BIN\C51.EXE main.c OPTIMIZE(8,SPEED) BROWSE DEBUG OBJECTEXTEND PRINT(.\Listings\ma
                    -in.lst) OBJECT(.\Objects\main.obj)

line level    source

   1          //#include <REGX52.H>
   2          //#include "Delay.h"
   3          //#include "LEDMatrix.h"
   4          //#include "Timer.h"
   5          
   6          //u8 code  ch[] = {
   7          //    0,0,0,0,0,0,0,0,
   8          //    0xFF,0x10,0x20,0x20,0x1F,0x00,0x1E,0x35,
   9          //    0x45,0x45,0x25,0x18,0x00,0x7E,0x01,0x02,
  10          //    0x7E,0x01,0x06,0x00,0x7E,0x81,0x81,0x81,
  11          //    0x7E,0x00,0x00,0x00,0x7D,0x00,0x00,0x00,
  12          //    0,0,0,0,0,0,0,0,
  13          //};
  14          
  15          //u8 offset = 0;
  16          //int main(void)//显示流动字幕
  17          //{
  18          //    u8 i = 0;
  19          //    LEDMatrix_Init();
  20          //    Timer0_Init();
  21          //      for(;;)
  22          //      {
  23          //        for(i = 0;i<8;i++)
  24          //        {
  25          //            LEDjuzhen_ShowGraph(i,ch[i+offset]);
  26          //        }
  27          //      }
  28          //      return 0;
  29          //}
  30          
  31          //void Timer0_Routine() interrupt 1
  32          //{
  33          //    static unsigned int T0Count;
  34          //      TL0 = 0x66;                             
  35          //      TH0 = 0xFC;
  36          //    T0Count++;
  37          //    if(T0Count==100)
  38          //    {
  39          //        offset++;
  40          //        if(offset == 40)
  41          //            offset = 0;
  42          //        T0Count = 0;
  43          //    }
  44          //}
  45          
  46          
  47          
  48          


MODULE INFORMATION:   STATIC OVERLAYABLE
   CODE SIZE        =   ----    ----
   CONSTANT SIZE    =   ----    ----
   XDATA SIZE       =   ----    ----
C51 COMPILER V9.54   MAIN                                                                  01/06/2023 21:39:46 PAGE 2   

   PDATA SIZE       =   ----    ----
   DATA SIZE        =   ----    ----
   IDATA SIZE       =   ----    ----
   BIT SIZE         =   ----    ----
END OF MODULE INFORMATION.


C51 COMPILATION COMPLETE.  0 WARNING(S),  0 ERROR(S)
