C51 COMPILER V9.54   MAIN1                                                                 01/06/2023 21:39:46 PAGE 1   


C51 COMPILER V9.54, COMPILATION OF MODULE MAIN1
OBJECT MODULE PLACED IN .\Objects\main1.obj
COMPILER INVOKED BY: E:\Keil5 C51\C51\BIN\C51.EXE main1.c OPTIMIZE(8,SPEED) BROWSE DEBUG OBJECTEXTEND PRINT(.\Listings\m
                    -ain1.lst) OBJECT(.\Objects\main1.obj)

line level    source

   1          #include <REGX52.H>
   2          #include "Delay.h"
   3          #include "LEDMatrix.h"
   4          #include "Timer.h"
*** WARNING C318 IN LINE 4 OF main1.c: can't open file 'Timer.h'
   5          
   6          u8 code  ch[] = {
   7              0x30,0x40,0x7F,0x88,0x7F,0x40,0x34,0x00,
   8              0x00,0x00,0x7F,0xA8,0x7F,0x50,0x34,0x00,
   9              0x30,0x40,0x7F,0xA8,0x7F,0x60,0x00,0x00,
  10              0x10,0x20,0x5E,0x8A,0x7F,0x20,0x10,0x00,
  11              0x10,0x29,0x7E,0x88,0x7E,0x21,0x30,0x00,
  12              0x10,0x29,0x7F,0xC8,0x1E,0x69,0x39,0x00,
  13          };
  14          
  15          u8 offset = 0;
  16          int main(void)//显示动画
  17          {
  18   1          u8 i = 0;
  19   1          LEDMatrix_Init();
  20   1          Timer0_Init();
*** WARNING C206 IN LINE 20 OF main1.c: 'Timer0_Init': missing function-prototype
  21   1              for(;;)
  22   1              {
  23   2              for(i = 0;i<8;i++)
  24   2              {
  25   3                  LEDjuzhen_ShowGraph(i,ch[i+offset]);
  26   3              }
  27   2              }
  28   1              return 0;
  29   1      }
  30          
  31          void Timer0_Routine() interrupt 1
  32          {
  33   1          static unsigned int T0Count;
  34   1              TL0 = 0x66;                             
  35   1              TH0 = 0xFC;
  36   1          T0Count++;
  37   1          if(T0Count==500)
  38   1          {
  39   2              offset+=8;
  40   2              if(offset == 40)
  41   2                  offset = 0;
  42   2              T0Count = 0;
  43   2          }
  44   1      }
  45          
  46          
  47          
  48          
*** WARNING C294 IN LINE 28 OF main1.c: unreachable code


MODULE INFORMATION:   STATIC OVERLAYABLE
C51 COMPILER V9.54   MAIN1                                                                 01/06/2023 21:39:46 PAGE 2   

   CODE SIZE        =     86    ----
   CONSTANT SIZE    =     48    ----
   XDATA SIZE       =   ----    ----
   PDATA SIZE       =   ----    ----
   DATA SIZE        =      3       1
   IDATA SIZE       =   ----    ----
   BIT SIZE         =   ----    ----
END OF MODULE INFORMATION.


C51 COMPILATION COMPLETE.  3 WARNING(S),  0 ERROR(S)
