C51 COMPILER V9.54   I2C                                                                   01/13/2023 19:22:51 PAGE 1   


C51 COMPILER V9.54, COMPILATION OF MODULE I2C
OBJECT MODULE PLACED IN .\Objects\I2C.obj
COMPILER INVOKED BY: E:\Keil5 C51\C51\BIN\C51.EXE I2C.c OPTIMIZE(8,SPEED) BROWSE DEBUG OBJECTEXTEND PRINT(.\Listings\I2C
                    -.lst) OBJECT(.\Objects\I2C.obj)

line level    source

   1          #include <REGX52.H>
   2          
   3          sbit SCL = P2^1;
   4          sbit SDA = P2^0;
   5          
   6          void I2C_start()//发送开始
   7          {
   8   1          SCL = 1;
   9   1          SDA = 1;
  10   1          SDA = 0;
  11   1          SCL = 0;
  12   1      }
  13          
  14          void I2C_stop()//发送停止
  15          {
  16   1          SDA = 0;
  17   1          SCL = 1;
  18   1          SDA = 1;  
  19   1      }
  20          
  21          void I2C_send_byte(u8 dat)//发送一个字节
  22          {
  23   1          u8 i = 0;
  24   1          for(i = 0; i<8; i++)
  25   1          {
  26   2              SDA = dat & (0x80>>i);
  27   2              SCL = 1;
  28   2              SCL = 0;
  29   2          }
  30   1      }
  31          
  32          u8 I2C_receive_byte()//接收一个字节
  33          {
  34   1          u8 da = 0;
  35   1          u8 i = 0;
  36   1          SDA = 1;
  37   1          for(i = 0; i < 8; i++)
  38   1          {
  39   2              SCL = 1;
  40   2              if(SDA)
  41   2                  da |= (0x80>>i);//从机如果拉低，就是0，dat的i位不变还是0，
  42   2                                   //从机如果松开，就是1，dat的i位，置1，
  43   2                                   //如此循环八次把dat的值变成从机发送的数据            
  44   2              SCL = 0;
  45   2          }
  46   1          return da;
  47   1      }
  48          
  49          void I2C_send_ack(unsigned char ack)//bit是51中特有的数据位，sizeof（bit）= 1bit
  50          {                                   //发送应答
  51   1          SDA = ack & 0x01;
  52   1          SCL = 1;
  53   1          SCL = 0;
  54   1      }
C51 COMPILER V9.54   I2C                                                                   01/13/2023 19:22:51 PAGE 2   

  55          
  56          u8 I2C_receive_ack()//接收应答,0为应答1为不应答
  57          {
  58   1          u8 ack = 0;
  59   1          SDA = 1;
  60   1          SCL = 1;
  61   1          if(SDA)
  62   1              ack = 1;//此时SDA控制权已经交给从机，
  63   1                      //从机不拉则返回1，拉低则表示应答返回0
  64   1          SCL = 0;
  65   1          return ack;
  66   1      }
  67          
  68          
  69          
  70          


MODULE INFORMATION:   STATIC OVERLAYABLE
   CODE SIZE        =    109    ----
   CONSTANT SIZE    =   ----    ----
   XDATA SIZE       =   ----    ----
   PDATA SIZE       =   ----    ----
   DATA SIZE        =   ----    ----
   IDATA SIZE       =   ----    ----
   BIT SIZE         =   ----    ----
END OF MODULE INFORMATION.


C51 COMPILATION COMPLETE.  0 WARNING(S),  0 ERROR(S)
