C51 COMPILER V9.54   MAIN                                                                  01/13/2023 19:22:50 PAGE 1   


C51 COMPILER V9.54, COMPILATION OF MODULE MAIN
OBJECT MODULE PLACED IN .\Objects\main.obj
COMPILER INVOKED BY: E:\Keil5 C51\C51\BIN\C51.EXE main.c OPTIMIZE(8,SPEED) BROWSE DEBUG OBJECTEXTEND PRINT(.\Listings\ma
                    -in.lst) OBJECT(.\Objects\main.obj)

line level    source

   1          #include <REGX52.H>
   2          #include "key.h"
   3          #include "Delay.h"
   4          #include "LCD1602.h"
   5          #include "AT24C02.h"
   6          u8 KeyNum;
   7          u16 Num; 
   8          
   9          int main(void)
  10          {
  11   1          /*LCD_Init();
  12   1          AT24C02_write(1,255);//1åœ°å€å†™å…¥1byteæ•°æ®
  13   1          AT24C02_write(2,255);//2åœ°å€å†™å…¥1byteæ•°æ®ï¼Œå¯ä»¥ç›´æ¥ç”¨æ•°å­—åšåœ°å€æ˜¯å› ä¸º
  14   1          Delay(10);           //24C02æœ‰256ä¸ªå­—èŠ‚çš„ç©ºé—´å¤§å°ï¼Œå°±æ˜¯256*8=2048bit  
  15   1          est = AT24C02_read(1);
  16   1          LCD_ShowNum(1,1,est,4);*/
  17   1          LCD_Init();
  18   1          LCD_ShowNum(1,1,0,5);
  19   1              for(;;)
  20   1              {
  21   2              KeyNum = Key();
*** WARNING C206 IN LINE 21 OF main.c: 'Key': missing function-prototype
  22   2              if(KeyNum==1)
  23   2              {
  24   3                  Num++;
  25   3                  LCD_ShowNum(1,1,Num,5);
  26   3              }
  27   2              if(KeyNum==2)
  28   2              {
  29   3                  Num--;
  30   3                  LCD_ShowNum(1,1,Num,5);
  31   3              }
  32   2              if(KeyNum==3)
  33   2              {
  34   3                  AT24C02_write(1,Num/256);//é«˜å…«ä½
  35   3                  Delay(5);//å†™å…¥æœ‰æ—¶é—´è¦æ±‚ï¼Œå‹¿å¿˜ï¼ï¼
  36   3                  AT24C02_write(2,Num%256);//ä½å…«ä½
  37   3                  Delay(5);
  38   3                  LCD_ShowNum(1,1,Num,5);
  39   3                  LCD_ShowString(2,1,"Write OK");
  40   3                  Delay(1000);
  41   3                  LCD_ShowString(2,1,"        ");
  42   3              }
  43   2              if(KeyNum==4)
  44   2              {
  45   3                  Num |= AT24C02_read(1) << 8;//æŠŠé«˜å…«ä½å·¦ç§»å…«ä½ï¼ˆè¶…å‡ºèŒƒå›´åæ•°æ®ä¸ä¼šé”€æ¯ï¼Œå
             -ªæ˜¯å¾€æ›´é«˜ä½ç§»ï¼‰åæŒ‰ä½æˆ–ä¸ŠNum
  46   3                  Num |= AT24C02_read(2);//ä¸èƒ½ç›´æ¥èµ‹å€¼ï¼Œä¹Ÿè¦æŒ‰ä½æˆ–ä¸Šä½å…«ä½ï¼Œå¦‚æœè¿™å¥å†™åœ¨
             -å‰é¢å°±ä¸ç”¨æˆ–
  47   3                  LCD_ShowNum(1,1,Num,5);
  48   3                  LCD_ShowString(2,1,"Read OK");
  49   3                  Delay(1000);
  50   3                  LCD_ShowString(2,1,"       ");
  51   3              }
C51 COMPILER V9.54   MAIN                                                                  01/13/2023 19:22:50 PAGE 2   

  52   2              }
  53   1              return 0;
  54   1      }
*** WARNING C294 IN LINE 53 OF main.c: unreachable code


MODULE INFORMATION:   STATIC OVERLAYABLE
   CODE SIZE        =    234    ----
   CONSTANT SIZE    =     34    ----
   XDATA SIZE       =   ----    ----
   PDATA SIZE       =   ----    ----
   DATA SIZE        =      3    ----
   IDATA SIZE       =   ----    ----
   BIT SIZE         =   ----    ----
END OF MODULE INFORMATION.


C51 COMPILATION COMPLETE.  2 WARNING(S),  0 ERROR(S)
