C51 COMPILER V9.01   MAIN                                                                  03/03/2023 20:11:41 PAGE 1   


C51 COMPILER V9.01, COMPILATION OF MODULE MAIN
OBJECT MODULE PLACED IN .\Objects\main.obj
COMPILER INVOKED BY: E:\keil_mdk5\C51\BIN\C51.EXE main.c OPTIMIZE(8,SPEED) BROWSE DEBUG OBJECTEXTEND PRINT(.\Listings\ma
                    -in.lst) OBJECT(.\Objects\main.obj)

line level    source

   1          #include <REGX52.H>
   2          
   3          typedef unsigned int u16;
   4          
   5          void Delay(u16 xms)             //@12.000MHz
   6          {
   7   1          u16 k = 0;
   8   1          unsigned char i, j;
   9   1          for(k = 0; k <xms; k++)
  10   1          {
  11   2      
  12   2              i = 2;
  13   2              j = 239;
  14   2      
  15   2              do
  16   2              {
  17   3                  while (--j);
  18   3              } while (--i);
  19   2          }
  20   1      }
  21          
  22          int main(void)
  23          {
  24   1          Delay(500);
  25   1          return 0;
  26   1      }


MODULE INFORMATION:   STATIC OVERLAYABLE
   CODE SIZE        =     37    ----
   CONSTANT SIZE    =   ----    ----
   XDATA SIZE       =   ----    ----
   PDATA SIZE       =   ----    ----
   DATA SIZE        =   ----    ----
   IDATA SIZE       =   ----    ----
   BIT SIZE         =   ----    ----
END OF MODULE INFORMATION.


C51 COMPILATION COMPLETE.  0 WARNING(S),  0 ERROR(S)
