C51 COMPILER V9.54   LCD1602                                                               01/23/2023 13:58:14 PAGE 1   


C51 COMPILER V9.54, COMPILATION OF MODULE LCD1602
OBJECT MODULE PLACED IN .\Objects\LCD1602.obj
COMPILER INVOKED BY: E:\Keil5 C51\C51\BIN\C51.EXE LCD1602.c OPTIMIZE(8,SPEED) BROWSE DEBUG OBJECTEXTEND PRINT(.\Listings
                    -\LCD1602.lst) OBJECT(.\Objects\LCD1602.obj)

line level    source

   1          #include <REGX52.H>
   2          
   3          #define LCD_data  P0
   4          sbit LCD_WR = P2^5;
   5          sbit LCD_RS = P2^6;
   6          sbit LCD_EN = P2^7;
   7          
   8          /*********************************************************/
   9          void Delay1ms(void)             
  10          {
  11   1              unsigned char i, j;
  12   1      
  13   1              i = 2;
  14   1              j = 199;
  15   1              do
  16   1              {
  17   2                      while (--j);
  18   2              } while (--i);
  19   1      }
  20          /**********************************************************/
  21          
  22          void send_command_LCD1602(u8 command)//发送指令
  23          {
  24   1          LCD_RS = 0;//指令有关
  25   1          LCD_WR = 0;//0是写1是读
  26   1          LCD_data = command;//发送指令
  27   1          LCD_EN = 1;//EN置1后置0表示数据发送
  28   1          Delay1ms();
  29   1          LCD_EN = 0;
  30   1          Delay1ms();
  31   1      }
  32          
  33          void send_data_LCD1602(u8 dat)
  34          {
  35   1          LCD_RS = 1;//数据有关
  36   1          LCD_WR = 0;//写
  37   1          LCD_data = dat;//发送数据
  38   1          LCD_EN = 1;//EN置1后置0表示数据发送
  39   1          Delay1ms();
  40   1          LCD_EN = 0;
  41   1          Delay1ms();    
  42   1      }
  43          
  44          void Init_LCD1602(void)//初始化LCD
  45          {
  46   1          send_command_LCD1602(0x38);
  47   1          send_command_LCD1602(0x0C);
  48   1          send_command_LCD1602(0x06);
  49   1          send_command_LCD1602(0x01);
  50   1      }
  51          
  52          void set_cursor_LED(u8 row, u8 col)
  53          {
  54   1          
C51 COMPILER V9.54   LCD1602                                                               01/23/2023 13:58:14 PAGE 2   

  55   1      }
*** WARNING C280 IN LINE 52 OF LCD1602.c: 'row': unreferenced local variable
*** WARNING C280 IN LINE 52 OF LCD1602.c: 'col': unreferenced local variable
  56          
  57          void show_char(u8 row, u8 col, u8 cha)
  58          {
  59   1          if(row == 1)
  60   1              send_command_LCD1602(0x80 | (col - 1));
  61   1          else if(row == 2)
  62   1              send_command_LCD1602(0x80 | (col - 1) + 0x40);
  63   1          else 
  64   1              
  65   1      }
*** ERROR C141 IN LINE 65 OF LCD1602.c: syntax error near '}'
  66          
  67          
  68          
  69          
  70          

C51 COMPILATION COMPLETE.  2 WARNING(S),  1 ERROR(S)
