C51 COMPILER V9.60.0.0   MAIN                                                              12/31/2022 09:32:15 PAGE 1   


C51 COMPILER V9.60.0.0, COMPILATION OF MODULE MAIN
OBJECT MODULE PLACED IN .\Objects\main.obj
COMPILER INVOKED BY: E:\MDK5\C51\BIN\C51.EXE main.c OPTIMIZE(8,SPEED) BROWSE DEBUG OBJECTEXTEND PRINT(.\Listings\main.ls
                    -t) OBJECT(.\Objects\main.obj)

line level    source

   1          #include <REGX52.H>
   2          
   3          u16 ch[] = {0x3F,0x06,0x5B,0x4F,0x66,0x6D,0x7D,0x07,0x7F,0x6F};
   4          
   5          void Input(u16 input, u16 Num)
   6          {
   7   1          switch(input)
   8   1          {
   9   2          case 1: P2_4 = 1;P2_3 = 1;P2_2 = 1; break;
  10   2          case 2: P2_4 = 1;P2_3 = 1;P2_2 = 0; break;
  11   2          case 3: P2_4 = 1;P2_3 = 0;P2_2 = 1; break;
  12   2          case 4: P2_4 = 1;P2_3 = 0;P2_2 = 0; break;
  13   2          case 5: P2_4 = 0;P2_3 = 1;P2_2 = 1; break;
  14   2          case 6: P2_4 = 0;P2_3 = 1;P2_2 = 0; break;
  15   2          case 7: P2_4 = 0;P2_3 = 0;P2_2 = 1; break;
  16   2          case 8: P2_4 = 0;P2_3 = 0;P2_2 = 0; break;
  17   2          }
  18   1          P0 = ch[Num];
  19   1          Delay(1);
  20   1          //P2_4 = 0;P2_3 = 0;P2_2 = 0;
  21   1          //Delay(1);
  22   1      }
  23          
  24          int main(void)
  25          {  
  26   1          int i = 0;
  27   1              for (;;i++)
  28   1              {
  29   2              if(i == 10)
  30   2                  i = 0;
  31   2      
  32   2              Input(5,0);
  33   2              Input(6,0);
  34   2              P0 = 0x80;
  35   2              Delay(1);
  36   2              Input(7,0);
  37   2              Input(8,i);
  38   2              Delay(1000);
  39   2      
  40   2              }
  41   1              return 0;
  42   1      }
*** WARNING C294 IN LINE 41 OF main.c: unreachable code


MODULE INFORMATION:   STATIC OVERLAYABLE
   CODE SIZE        =    223    ----
   CONSTANT SIZE    =   ----    ----
   XDATA SIZE       =   ----    ----
   PDATA SIZE       =   ----    ----
   DATA SIZE        =     20       2
   IDATA SIZE       =   ----    ----
   BIT SIZE         =   ----    ----
END OF MODULE INFORMATION.

C51 COMPILER V9.60.0.0   MAIN                                                              12/31/2022 09:32:15 PAGE 2   


C51 COMPILATION COMPLETE.  1 WARNING(S),  0 ERROR(S)
