C51 COMPILER V9.60.7.0   MAIN                                                              03/25/2023 14:00:31 PAGE 1   


C51 COMPILER V9.60.7.0, COMPILATION OF MODULE MAIN
OBJECT MODULE PLACED IN .\Objects\main.obj
COMPILER INVOKED BY: E:\keil5_MDKorC51\C51\BIN\C51.EXE main.c OPTIMIZE(8,SPEED) BROWSE DEBUG OBJECTEXTEND PRINT(.\Listin
                    -gs\main.lst) OBJECT(.\Objects\main.obj)

line level    source

   1          #include <REGX52.h>
   2          #include <INTRINS.h>
   3          
   4          void Delay500ms()               //@12.000MHz
   5          {
   6   1              unsigned char i, j, k;
   7   1      
   8   1              _nop_();
   9   1              i = 4;
  10   1              j = 205;
  11   1              k = 187;
  12   1              do
  13   1              {
  14   2                      do
  15   2                      {
  16   3                              while (--k);
  17   3                      } while (--j);
  18   2              } while (--i);
  19   1      }
  20          
  21          
  22          int main(void)
  23          {
  24   1          for(;;)
  25   1          {
  26   2              P2_0 = 0;
  27   2              Delay500ms();
  28   2              P2_0 = 1;
  29   2              Delay500ms();
  30   2          }
  31   1          return 0;
  32   1      }
*** WARNING C294 IN LINE 31 OF main.c: unreachable code


MODULE INFORMATION:   STATIC OVERLAYABLE
   CODE SIZE        =     26    ----
   CONSTANT SIZE    =   ----    ----
   XDATA SIZE       =   ----    ----
   PDATA SIZE       =   ----    ----
   DATA SIZE        =   ----    ----
   IDATA SIZE       =   ----    ----
   BIT SIZE         =   ----    ----
END OF MODULE INFORMATION.


C51 COMPILATION COMPLETE.  1 WARNING(S),  0 ERROR(S)
