C51 COMPILER V9.54   KEY                                                                   01/24/2023 19:38:02 PAGE 1   


C51 COMPILER V9.54, COMPILATION OF MODULE KEY
OBJECT MODULE PLACED IN .\Objects\key.obj
COMPILER INVOKED BY: E:\Keil5 C51\C51\BIN\C51.EXE key.c OPTIMIZE(8,SPEED) BROWSE DEBUG OBJECTEXTEND PRINT(.\Listings\key
                    -.lst) OBJECT(.\Objects\key.obj)

line level    source

   1          #include <REGX52.H>
   2          #include "Delay.h"
   3          
   4          unsigned char key()//获取独立按键键码
   5          {
   6   1          unsigned char KeyNumber = 0;
   7   1          
   8   1          if(P3_1 == 0){Delay(20); while(P3_1 == 0); Delay(20); KeyNumber = 1;}
   9   1          if(P3_0 == 0){Delay(20); while(P3_0 == 0); Delay(20); KeyNumber = 2;}
  10   1          if(P3_2 == 0){Delay(20); while(P3_2 == 0); Delay(20); KeyNumber = 3;}
  11   1          if(P3_3 == 0){Delay(20); while(P3_3 == 0); Delay(20); KeyNumber = 4;}
  12   1          
  13   1          return KeyNumber;
  14   1      }
  15          
  16          
  17          
  18          
  19          
  20          
  21          
  22          
  23          
  24          
  25          


MODULE INFORMATION:   STATIC OVERLAYABLE
   CODE SIZE        =     97    ----
   CONSTANT SIZE    =   ----    ----
   XDATA SIZE       =   ----    ----
   PDATA SIZE       =   ----    ----
   DATA SIZE        =   ----       1
   IDATA SIZE       =   ----    ----
   BIT SIZE         =   ----    ----
END OF MODULE INFORMATION.


C51 COMPILATION COMPLETE.  0 WARNING(S),  0 ERROR(S)
