C51 COMPILER V9.54   MAIN                                                                  01/24/2023 19:38:02 PAGE 1   


C51 COMPILER V9.54, COMPILATION OF MODULE MAIN
OBJECT MODULE PLACED IN .\Objects\main.obj
COMPILER INVOKED BY: E:\Keil5 C51\C51\BIN\C51.EXE main.c OPTIMIZE(8,SPEED) BROWSE DEBUG OBJECTEXTEND PRINT(.\Listings\ma
                    -in.lst) OBJECT(.\Objects\main.obj)

line level    source

   1          #include <regx52.h>
   2          #include "Timer0.h"
   3          #include "Key.h"
   4          #include "Delay.h"
   5          #include "Nixie.h"
   6          
   7          sbit motor = P1 ^ 0;
   8          
   9          unsigned char Counter;
  10          unsigned char Compare;
  11          unsigned char Keynum;
  12          unsigned char Speed;
  13          
  14          int main(void)
  15          {
  16   1          Timer0_Init();
  17   1      
  18   1          for (;;)
  19   1          {
  20   2              Keynum = Key();
*** WARNING C206 IN LINE 20 OF main.c: 'Key': missing function-prototype
  21   2              if(Keynum == 1)
  22   2              {
  23   3                  Speed++;
  24   3                  Speed%=4;
  25   3                  if(Speed==0){Compare = 0;}
  26   3                  if(Speed==1){Compare = 50;}
  27   3                  if(Speed==2){Compare = 75;}
  28   3                  if(Speed==3){Compare = 100;} 
  29   3              }
  30   2              Input(1,Speed);
  31   2          }
  32   1          return 0;
  33   1      }
  34          
  35          void Timer0_Routine() interrupt 1
  36          {
  37   1          TL0 = 0xA4;
  38   1          TH0 = 0xFF;
  39   1          Counter++;
  40   1          Counter %= 100;
  41   1          if (Counter > Compare)
  42   1          {
  43   2              motor = 0;
  44   2          }
  45   1          else
  46   1          {
  47   2              motor = 1;
  48   2          }
  49   1      }
*** WARNING C294 IN LINE 32 OF main.c: unreachable code


MODULE INFORMATION:   STATIC OVERLAYABLE
C51 COMPILER V9.54   MAIN                                                                  01/24/2023 19:38:02 PAGE 2   

   CODE SIZE        =    101    ----
   CONSTANT SIZE    =   ----    ----
   XDATA SIZE       =   ----    ----
   PDATA SIZE       =   ----    ----
   DATA SIZE        =      4    ----
   IDATA SIZE       =   ----    ----
   BIT SIZE         =   ----    ----
END OF MODULE INFORMATION.


C51 COMPILATION COMPLETE.  2 WARNING(S),  0 ERROR(S)
