C51 COMPILER V9.54   NIXIE_TIMER                                                           01/24/2023 13:34:59 PAGE 1   


C51 COMPILER V9.54, COMPILATION OF MODULE NIXIE_TIMER
OBJECT MODULE PLACED IN .\Objects\Nixie_Timer.obj
COMPILER INVOKED BY: E:\Keil5 C51\C51\BIN\C51.EXE Nixie_Timer.c OPTIMIZE(8,SPEED) BROWSE DEBUG OBJECTEXTEND PRINT(.\List
                    -ings\Nixie_Timer.lst) OBJECT(.\Objects\Nixie_Timer.obj)

line level    source

   1          #include <REGX52.H>
   2          #include "Delay.h"
   3          
   4          u8 ch[] = {0x3F,0x06,0x5B,0x4F,0x66,0x6D,0x7D,0x07,0x7F,0x6F,0x00,0x40};
   5          u8 buff[9] = {0,10,10,10,10,10,10,10,10};
   6          
   7          void set_buff(u8 input, u8 Num)
   8          {
   9   1         buff[input] = Num;
  10   1      }
  11          
  12          void nixie(u8 input, u8 Num)
  13          {
  14   1          P0 = 0;
  15   1          switch(input)
  16   1          {
  17   2          case 1: P2_4 = 1;P2_3 = 1;P2_2 = 1; break;
  18   2          case 2: P2_4 = 1;P2_3 = 1;P2_2 = 0; break;
  19   2          case 3: P2_4 = 1;P2_3 = 0;P2_2 = 1; break;
  20   2          case 4: P2_4 = 1;P2_3 = 0;P2_2 = 0; break;
  21   2          case 5: P2_4 = 0;P2_3 = 1;P2_2 = 1; break;
  22   2          case 6: P2_4 = 0;P2_3 = 1;P2_2 = 0; break;
  23   2          case 7: P2_4 = 0;P2_3 = 0;P2_2 = 1; break;
  24   2          case 8: P2_4 = 0;P2_3 = 0;P2_2 = 0; break;
  25   2          }
  26   1          P0 = ch[Num];
  27   1          //Delay(1);
  28   1          
  29   1          //P2_4 = 0;P2_3 = 0;P2_2 = 0;有误，不知道谁教我写的
  30   1          //Delay(1);
  31   1      }
  32          
  33          void timer_nixie()//用定时器取代delay
  34          {
  35   1          static u8 i = 1;
  36   1          nixie(i,buff[i]);
  37   1          i++;
  38   1          if(i>8)
  39   1              i = 1;
  40   1      }
  41          
  42          
  43          
  44          
  45          
  46          
  47          
  48          


MODULE INFORMATION:   STATIC OVERLAYABLE
   CODE SIZE        =    134    ----
   CONSTANT SIZE    =   ----    ----
   XDATA SIZE       =   ----    ----
C51 COMPILER V9.54   NIXIE_TIMER                                                           01/24/2023 13:34:59 PAGE 2   

   PDATA SIZE       =   ----    ----
   DATA SIZE        =     22    ----
   IDATA SIZE       =   ----    ----
   BIT SIZE         =   ----    ----
END OF MODULE INFORMATION.


C51 COMPILATION COMPLETE.  0 WARNING(S),  0 ERROR(S)
