C51 COMPILER V9.54   MAIN                                                                  01/24/2023 12:26:37 PAGE 1   


C51 COMPILER V9.54, COMPILATION OF MODULE MAIN
OBJECT MODULE PLACED IN .\Objects\main.obj
COMPILER INVOKED BY: E:\Keil5 C51\C51\BIN\C51.EXE main.c OPTIMIZE(8,SPEED) BROWSE DEBUG OBJECTEXTEND PRINT(.\Listings\ma
                    -in.lst) OBJECT(.\Objects\main.obj)

line level    source

   1          #include <REGX52.H>
   2          
   3          sbit LED = P2 ^ 0;
   4          
   5          void delay(unsigned char i)
   6          {
   7   1          while (i--)
   8   1              ;
   9   1      }
  10          
  11          int main(void)
  12          {
  13   1          unsigned char i = 0;
  14   1          unsigned char j = 0;
  15   1          for (;;)
  16   1          {
  17   2              for (i = 0; i < 100; i++)
  18   2              {
  19   3                  for (j = 0; j < 20; j++)
  20   3                  {
  21   4                      LED = 0;
  22   4                      delay(i);
  23   4                      LED = 1;
  24   4                      delay(100 - i);
  25   4                  }
  26   3              }
  27   2              for (i = 100; i > 0; i--)
  28   2              {
  29   3                  for (j = 0; j < 20; j++)
  30   3                  {
  31   4                      LED = 0;
  32   4                      delay(i);
  33   4                      LED = 1;
  34   4                      delay(100 - i);
  35   4                  }
  36   3              }
  37   2          }
  38   1      
  39   1          return 0;
  40   1      }
*** WARNING C294 IN LINE 39 OF main.c: unreachable code


MODULE INFORMATION:   STATIC OVERLAYABLE
   CODE SIZE        =     56    ----
   CONSTANT SIZE    =   ----    ----
   XDATA SIZE       =   ----    ----
   PDATA SIZE       =   ----    ----
   DATA SIZE        =   ----    ----
   IDATA SIZE       =   ----    ----
   BIT SIZE         =   ----    ----
END OF MODULE INFORMATION.


C51 COMPILATION COMPLETE.  1 WARNING(S),  0 ERROR(S)
