C51 COMPILER V9.54   MAIN                                                                  01/01/2023 20:01:37 PAGE 1   


C51 COMPILER V9.54, COMPILATION OF MODULE MAIN
OBJECT MODULE PLACED IN .\Objects\main.obj
COMPILER INVOKED BY: E:\Keil5 C51\C51\BIN\C51.EXE main.c OPTIMIZE(8,SPEED) BROWSE DEBUG OBJECTEXTEND PRINT(.\Listings\ma
                    -in.lst) OBJECT(.\Objects\main.obj)

line level    source

   1          #include <REGX52.H>
   2          #include "LCD1602.h"
   3          #include "Delay.h"
   4          #include "MatrixKey.h"
   5          
   6          
   7          
   8          int main(void)
   9          {
  10   1          u16 KeyNum = 0;//接收返回的键盘值
  11   1          u16 Password = 0;
  12   1          u16 Count = 0;
  13   1          LCD_Init();
  14   1          LCD_ShowString(1,1,"PIN:");
  15   1          for(;;)
  16   1          { 
  17   2              KeyNum = MatrixKey();
  18   2              if(KeyNum != 0 && KeyNum <= 10)//键盘值不能超过10且不能为0
  19   2              {
  20   3                  if(Count < 4)//只能输入四位密码
  21   3                  {
  22   4                      Password *= 10;//密码左移一位
  23   4                      Password += KeyNum % 10;//下一位密码输入，10作为0，10模10就是0
  24   4                      Count++;
  25   4                  }
  26   3              }
  27   2              if(KeyNum == 11)//s11作为确认键
  28   2              {
  29   3                  if(Password == 1234)//判断密码是否正确
  30   3                  {
  31   4                      LCD_ShowString(2,1,"SUCC");
  32   4                      Delay(3000);
  33   4                      break;           //如果密码正确，跳出for循环（来到return 0处，程序结束
             -） 
  34   4                  }
  35   3                  else
  36   3                  {
  37   4                      LCD_ShowString(2,1,"ERR");
  38   4                      Password = 0;    //如果输入错误，密码与计数器都清零，重新输入
  39   4                      Count = 0;
  40   4                  }
  41   3                      
  42   3              }
  43   2              if(KeyNum == 12)//s12作为删除键
  44   2              {
  45   3                  if(Count > 0)
  46   3                  {
  47   4                      Password /= 10;//密码删除一位
  48   4                      Count--; 
  49   4                  }               
  50   3              }
  51   2              
  52   2              LCD_ShowNum(1,5,Password,4);//更新显示        
  53   2          }
C51 COMPILER V9.54   MAIN                                                                  01/01/2023 20:01:37 PAGE 2   

  54   1          return 0;
  55   1      }
  56          
  57          
  58          
  59          
  60          
  61          
  62          
  63          


MODULE INFORMATION:   STATIC OVERLAYABLE
   CODE SIZE        =    230    ----
   CONSTANT SIZE    =     14    ----
   XDATA SIZE       =   ----    ----
   PDATA SIZE       =   ----    ----
   DATA SIZE        =   ----       6
   IDATA SIZE       =   ----    ----
   BIT SIZE         =   ----    ----
END OF MODULE INFORMATION.


C51 COMPILATION COMPLETE.  0 WARNING(S),  0 ERROR(S)
