C51 COMPILER V9.01   KEY                                                                   03/04/2023 23:23:44 PAGE 1   


C51 COMPILER V9.01, COMPILATION OF MODULE KEY
OBJECT MODULE PLACED IN .\Objects\key.obj
COMPILER INVOKED BY: E:\keil_mdk5\C51\BIN\C51.EXE key.c OPTIMIZE(8,SPEED) BROWSE DEBUG OBJECTEXTEND PRINT(.\Listings\key
                    -.lst) OBJECT(.\Objects\key.obj)

line level    source

   1          #include <REGX52.H>
*** WARNING C317 IN LINE 12 OF E:\KEIL_MDK5\C51\INC\ATMEL\REGX52.H: attempt to redefine macro 'unsigned'
   2          #include "Delay.h"
*** ERROR C141 IN LINE 4 OF DELAY.H: syntax error near 'int', expected ')'
   3          
   4          unsigned char key()//获取独立按键键码
*** ERROR C129 IN LINE 4 OF KEY.C: missing ';' before 'char'
   5          {
   6              unsigned char KeyNumber = 0;
   7              
   8              if(P3_1 == 0){Delay(20); while(P3_1 == 0); Delay(20); KeyNumber = 1;}
   9              if(P3_0 == 0){Delay(20); while(P3_0 == 0); Delay(20); KeyNumber = 2;}
  10              if(P3_2 == 0){Delay(20); while(P3_2 == 0); Delay(20); KeyNumber = 3;}
  11              if(P3_3 == 0){Delay(20); while(P3_3 == 0); Delay(20); KeyNumber = 4;}
  12              
  13              return KeyNumber;
  14          }
  15          
  16          
  17          
  18          
  19          
  20          
  21          
  22          
  23          
  24          
  25          

C51 COMPILATION COMPLETE.  1 WARNING(S),  2 ERROR(S)
