C51 COMPILER V9.01   MAIN                                                                  03/04/2023 23:23:44 PAGE 1   


C51 COMPILER V9.01, COMPILATION OF MODULE MAIN
OBJECT MODULE PLACED IN .\Objects\main.obj
COMPILER INVOKED BY: E:\keil_mdk5\C51\BIN\C51.EXE main.c OPTIMIZE(8,SPEED) BROWSE DEBUG OBJECTEXTEND PRINT(.\Listings\ma
                    -in.lst) OBJECT(.\Objects\main.obj)

line level    source

   1          #include <REGX52.H>
*** WARNING C317 IN LINE 12 OF E:\KEIL_MDK5\C51\INC\ATMEL\REGX52.H: attempt to redefine macro 'unsigned'
   2          #include "Timer0.h"
   3          #include "Delay.h"
*** ERROR C141 IN LINE 4 OF DELAY.H: syntax error near 'int', expected ')'
   4          #include "key.h"
*** ERROR C129 IN LINE 4 OF KEY.H: missing ';' before 'char'
   5          #include <INTRINS.H>
   6          
   7          unsigned char KeyNum;
   8          unsigned char LEDMode;
   9          
  10          void main()
  11          {
  12              P2 = 0xFE;
  13                  Timer0_Init();
  14                  for(;;)
  15                  {
  16                  KeyNum = key();
  17                  if(KeyNum == 1)
  18                  {
  19                      LEDMode++;
  20                      if(LEDMode == 2)LEDMode = 0;
  21                  }
  22                  } 
  23          }
  24          
  25          void Timer0_Routine() interrupt 1
  26          {
  27              static unsigned int T0Count;
  28                  TL0 = 0x66;                             
  29                  TH0 = 0xFC;
  30              T0Count++;
  31              if(T0Count==500)
  32              {
  33                  T0Count = 0;
  34                  if(LEDMode == 0)
  35                      P2 = _crol_(P2,1);
  36                  if(LEDMode == 1)
  37                      P2 = _cror_(P2,1);            
  38              }
  39          }
  40          
  41          
  42          
  43          
  44          
  45          
  46          
  47          
  48          

C51 COMPILATION COMPLETE.  1 WARNING(S),  2 ERROR(S)
