C51 COMPILER V9.54   TIMER                                                                 01/03/2023 13:42:30 PAGE 1   


C51 COMPILER V9.54, COMPILATION OF MODULE TIMER
OBJECT MODULE PLACED IN .\Objects\Timer.obj
COMPILER INVOKED BY: E:\Keil5 C51\C51\BIN\C51.EXE Timer.c OPTIMIZE(8,SPEED) BROWSE DEBUG OBJECTEXTEND PRINT(.\Listings\T
                    -imer.lst) OBJECT(.\Objects\Timer.obj)

line level    source

   1          #include <REGX52.H>
   2          
   3          void Timer0_Init()//对定时器0初始化，1毫秒@11.0592MHZ
   4          {
   5   1              TMOD &= 0xF0;                   //设置定时器模式
   6   1              TMOD |= 0x01;                   //设置定时器模式
   7   1              TL0 = 0x66;                             //设置定时初始值
   8   1              TH0 = 0xFC;                             //设置定时初始值
   9   1              TF0 = 0;                                //清除TF0标志
  10   1              TR0 = 1;                                //定时器0开始计时
  11   1          ET0 = 1;
  12   1          EA = 1;
  13   1          PT0 = 0;
  14   1      
  15   1      //    //TMOD = 0x01;这种方法会改变高四位原来的值
  16   1      //    TMOD &= 0xF0;//这种方法对高四位与1（不变），对低四位与0（清零） 
  17   1      //    TMOD |= 0x01;//低四位0000或0001就是0001
  18   1      //    TF0 = 0;
  19   1      //    TR0 = 1; 
  20   1      //    TH0 = 64535 / 256;计数单元，来一次脉冲+1，一次脉冲时间为1us
  21   1      //    TL0 = 64535 % 256;高八位与低八位放与65535差一千的64535
  22   1      }
  23          
  24          unsigned int Count;
  25          void Timer0_Routine() interrupt 1
  26          {
  27   1              TL0 = 0x66;                             //设置定时初始值
  28   1              TH0 = 0xFC;                             //设置定时初始值
  29   1          if(Count>=7)
  30   1          {
  31   2              P2 = ~(0x01<<Count);
  32   2              Count++;
  33   2          }
  34   1          if(Count==8)
  35   1              Count = 0;
  36   1      
  37   1      }
  38          
  39          
  40          
  41          
  42          
  43          
  44          
  45          
  46          
  47          


MODULE INFORMATION:   STATIC OVERLAYABLE
   CODE SIZE        =     96    ----
   CONSTANT SIZE    =   ----    ----
   XDATA SIZE       =   ----    ----
   PDATA SIZE       =   ----    ----
C51 COMPILER V9.54   TIMER                                                                 01/03/2023 13:42:30 PAGE 2   

   DATA SIZE        =      2    ----
   IDATA SIZE       =   ----    ----
   BIT SIZE         =   ----    ----
END OF MODULE INFORMATION.


C51 COMPILATION COMPLETE.  0 WARNING(S),  0 ERROR(S)
