C51 COMPILER V9.60.0.0   MAIN                                                              12/28/2022 12:19:19 PAGE 1   


C51 COMPILER V9.60.0.0, COMPILATION OF MODULE MAIN
OBJECT MODULE PLACED IN .\Objects\main.obj
COMPILER INVOKED BY: E:\MDK5\C51\BIN\C51.EXE main.c OPTIMIZE(8,SPEED) BROWSE DEBUG OBJECTEXTEND PRINT(.\Listings\main.ls
                    -t) OBJECT(.\Objects\main.obj)

line level    source

   1          #include <REGX52.H>
   2          
   3          int main(void)//µ„¡¡“ª’µLED
   4          {
   5   1          P2 = 0xFE;//1111 1110
   6   1          for(;;)
   7   1          {
   8   2      
   9   2          }
  10   1          return 0;
  11   1      }
  12          
  13          
  14          
  15          
  16          
  17          
  18          
  19          
  20          
  21          
*** WARNING C294 IN LINE 10 OF main.c: unreachable code


MODULE INFORMATION:   STATIC OVERLAYABLE
   CODE SIZE        =      5    ----
   CONSTANT SIZE    =   ----    ----
   XDATA SIZE       =   ----    ----
   PDATA SIZE       =   ----    ----
   DATA SIZE        =   ----    ----
   IDATA SIZE       =   ----    ----
   BIT SIZE         =   ----    ----
END OF MODULE INFORMATION.


C51 COMPILATION COMPLETE.  1 WARNING(S),  0 ERROR(S)
