C51 COMPILER V9.60.0.0   DELAY                                                             12/31/2022 20:07:55 PAGE 1   


C51 COMPILER V9.60.0.0, COMPILATION OF MODULE DELAY
OBJECT MODULE PLACED IN .\Objects\Delay.obj
COMPILER INVOKED BY: E:\MDK5\C51\BIN\C51.EXE Delay.c OPTIMIZE(8,SPEED) BROWSE DEBUG OBJECTEXTEND PRINT(.\Listings\Delay.
                    -lst) OBJECT(.\Objects\Delay.obj)

line level    source

   1          #include "Delay.h"
   2          
   3          
   4          void Delay(unsigned int xms)//延时任意毫秒
   5          {
   6   1          unsigned int k = 0;
   7   1          unsigned char i, j;
   8   1          for(k = 0; k <xms; k++)
   9   1          {
  10   2              i = 2;
  11   2              j = 239;
  12   2              do
  13   2              {
  14   3                  while (--j);
  15   3              } while (--i);
  16   2          }
  17   1      }
  18          
  19          void Delay10us()//延时10微秒
  20          {
  21   1              unsigned char i;
  22   1      
  23   1              //_nop_();
  24   1              i = 247;
  25   1              while (--i);
  26   1      }


MODULE INFORMATION:   STATIC OVERLAYABLE
   CODE SIZE        =     31    ----
   CONSTANT SIZE    =   ----    ----
   XDATA SIZE       =   ----    ----
   PDATA SIZE       =   ----    ----
   DATA SIZE        =   ----    ----
   IDATA SIZE       =   ----    ----
   BIT SIZE         =   ----    ----
END OF MODULE INFORMATION.


C51 COMPILATION COMPLETE.  0 WARNING(S),  0 ERROR(S)
