C51 COMPILER V9.60.0.0   MIAN                                                              12/31/2022 20:07:55 PAGE 1   


C51 COMPILER V9.60.0.0, COMPILATION OF MODULE MIAN
OBJECT MODULE PLACED IN .\Objects\mian.obj
COMPILER INVOKED BY: E:\MDK5\C51\BIN\C51.EXE mian.c OPTIMIZE(8,SPEED) BROWSE DEBUG OBJECTEXTEND PRINT(.\Listings\mian.ls
                    -t) OBJECT(.\Objects\mian.obj)

line level    source

   1          #include <REGX52.H>
   2          #include "LCD1602.h"
   3          #include "Delay.h"
   4          #include "MatrixKey.h"
   5          
   6          
   7          
   8          int main(void)
   9          {
  10   1          u16 tmp = 0;
  11   1          LCD_Init();
  12   1          LCD_ShowString(1,1,"Enter your PIN.");
  13   1          for(;;)
  14   1          { 
  15   2              tmp = MatrixKey();
  16   2              if(tmp)
  17   2                  LCD_ShowNum(2,1,tmp,2);
  18   2          }
  19   1          return 0;
  20   1      }
  21          
  22          
  23          
  24          
  25          
  26          
  27          
  28          
*** WARNING C294 IN LINE 19 OF mian.c: unreachable code


MODULE INFORMATION:   STATIC OVERLAYABLE
   CODE SIZE        =     51    ----
   CONSTANT SIZE    =     16    ----
   XDATA SIZE       =   ----    ----
   PDATA SIZE       =   ----    ----
   DATA SIZE        =   ----       2
   IDATA SIZE       =   ----    ----
   BIT SIZE         =   ----    ----
END OF MODULE INFORMATION.


C51 COMPILATION COMPLETE.  1 WARNING(S),  0 ERROR(S)
