C51 COMPILER V9.54   MAIN                                                                  01/03/2023 20:13:46 PAGE 1   


C51 COMPILER V9.54, COMPILATION OF MODULE MAIN
OBJECT MODULE PLACED IN .\Objects\main.obj
COMPILER INVOKED BY: E:\Keil5 C51\C51\BIN\C51.EXE main.c OPTIMIZE(8,SPEED) BROWSE DEBUG OBJECTEXTEND PRINT(.\Listings\ma
                    -in.lst) OBJECT(.\Objects\main.obj)

line level    source

   1          #include <REGX52.H>
   2          #include "Delay.h"
   3          
   4          int main(void)
   5          {
   6   1      //    unsigned char LEDNum = 0;//0000 0001,0000 0010,0000 0100....1000 0000
   7   1      //      for (;;)
   8   1      //      {
   9   1      //              if (P3_1 == 0)
  10   1      //              {
  11   1      //            Delay(20);
  12   1      //            while(P3_1 == 0);
  13   1      //            Delay(20);
  14   1      
  15   1      //            P2 = ~(0x01 << LEDNum);
  16   1      //            LEDNum++;
  17   1      //            if(LEDNum == 8)
  18   1      //                LEDNum = 0;
  19   1      //              }
  20   1      //              if (P3_0 == 0)
  21   1      //              {
  22   1      //            Delay(20);       //这三行
  23   1      //            while(P3_0 == 0);//必须
  24   1      //            Delay(20);       //写对
  25   1      
  26   1      //            if(LEDNum == 0)
  27   1      //                LEDNum = 7;
  28   1      //            else
  29   1      //                LEDNum--;
  30   1      //            P2 = ~(0x01 << LEDNum);              
  31   1      //              }
  32   1      
  33   1      //      }
  34   1      //      return 0;
  35   1          char i = 0;
  36   1          for(;;)
  37   1          { 
  38   2              if(P3_1 == 0)
  39   2              {
  40   3                  Delay(20);
  41   3                  while(P3_1 == 0);
  42   3                  Delay(20);
  43   3                      
  44   3                  for(;;)
  45   3                  {
  46   4                      P2 = ~(0x01<<i);
  47   4                      Delay(500);
  48   4                      if(i==8)
  49   4                          i = -1;
  50   4                      if(P3_0 == 0)
  51   4                          break;
  52   4                      i++;                
  53   4                  }
  54   3                      
C51 COMPILER V9.54   MAIN                                                                  01/03/2023 20:13:46 PAGE 2   

  55   3              }
  56   2              if(P3_0 == 0)
  57   2              {
  58   3                  Delay(20);
  59   3                  while(P3_0 == 0);
  60   3                  Delay(20);
  61   3             
  62   3                  for(;;)
  63   3                  {
  64   4                      P2 = ~(0x01<<i);
  65   4                      Delay(500);
  66   4                      if(i == -1)
  67   4                          i = 8;       
  68   4                      if(P3_1 == 0)
  69   4                          break;
  70   4                      i--;
  71   4                  }
  72   3                     
  73   3              }  
  74   2          }
  75   1      }
  76          
  77          
  78          
  79          
  80          
  81          
  82          
  83          
  84          
  85          
  86          
  87          
  88          
  89          
  90          


MODULE INFORMATION:   STATIC OVERLAYABLE
   CODE SIZE        =    119    ----
   CONSTANT SIZE    =   ----    ----
   XDATA SIZE       =   ----    ----
   PDATA SIZE       =   ----    ----
   DATA SIZE        =   ----       1
   IDATA SIZE       =   ----    ----
   BIT SIZE         =   ----    ----
END OF MODULE INFORMATION.


C51 COMPILATION COMPLETE.  0 WARNING(S),  0 ERROR(S)
