C51 COMPILER V9.60.7.0   I2C                                                               03/05/2023 19:04:46 PAGE 1   


C51 COMPILER V9.60.7.0, COMPILATION OF MODULE I2C
OBJECT MODULE PLACED IN .\Objects\I2C.obj
COMPILER INVOKED BY: E:\keil5_MDKorC51\C51\BIN\C51.EXE I2C.c OPTIMIZE(8,SPEED) BROWSE INCDIR(E:\keil5_MDKorC51\C51\INC\A
                    -tmel) DEBUG OBJECTEXTEND PRINT(.\Listings\I2C.lst) OBJECT(.\Objects\I2C.obj)

line level    source

   1          #include <REGX52.H>
   2          #include "public.h"
*** ERROR C231 IN LINE 13 OF E:\keil5_MDKorC51\C51\Inc\reg52.h: 'P0': redefinition
*** ERROR C231 IN LINE 14 OF E:\keil5_MDKorC51\C51\Inc\reg52.h: 'P1': redefinition
*** ERROR C231 IN LINE 15 OF E:\keil5_MDKorC51\C51\Inc\reg52.h: 'P2': redefinition
*** ERROR C231 IN LINE 16 OF E:\keil5_MDKorC51\C51\Inc\reg52.h: 'P3': redefinition
*** ERROR C231 IN LINE 17 OF E:\keil5_MDKorC51\C51\Inc\reg52.h: 'PSW': redefinition
*** ERROR C231 IN LINE 18 OF E:\keil5_MDKorC51\C51\Inc\reg52.h: 'ACC': redefinition
*** ERROR C231 IN LINE 19 OF E:\keil5_MDKorC51\C51\Inc\reg52.h: 'B': redefinition
*** ERROR C231 IN LINE 20 OF E:\keil5_MDKorC51\C51\Inc\reg52.h: 'SP': redefinition
*** ERROR C231 IN LINE 21 OF E:\keil5_MDKorC51\C51\Inc\reg52.h: 'DPL': redefinition
*** ERROR C231 IN LINE 22 OF E:\keil5_MDKorC51\C51\Inc\reg52.h: 'DPH': redefinition
*** ERROR C231 IN LINE 23 OF E:\keil5_MDKorC51\C51\Inc\reg52.h: 'PCON': redefinition
*** ERROR C231 IN LINE 24 OF E:\keil5_MDKorC51\C51\Inc\reg52.h: 'TCON': redefinition
*** ERROR C231 IN LINE 25 OF E:\keil5_MDKorC51\C51\Inc\reg52.h: 'TMOD': redefinition
*** ERROR C231 IN LINE 26 OF E:\keil5_MDKorC51\C51\Inc\reg52.h: 'TL0': redefinition
*** ERROR C231 IN LINE 27 OF E:\keil5_MDKorC51\C51\Inc\reg52.h: 'TL1': redefinition
*** ERROR C231 IN LINE 28 OF E:\keil5_MDKorC51\C51\Inc\reg52.h: 'TH0': redefinition
*** ERROR C231 IN LINE 29 OF E:\keil5_MDKorC51\C51\Inc\reg52.h: 'TH1': redefinition
*** ERROR C231 IN LINE 30 OF E:\keil5_MDKorC51\C51\Inc\reg52.h: 'IE': redefinition
*** ERROR C231 IN LINE 31 OF E:\keil5_MDKorC51\C51\Inc\reg52.h: 'IP': redefinition
*** ERROR C231 IN LINE 32 OF E:\keil5_MDKorC51\C51\Inc\reg52.h: 'SCON': redefinition
*** ERROR C231 IN LINE 33 OF E:\keil5_MDKorC51\C51\Inc\reg52.h: 'SBUF': redefinition
*** ERROR C231 IN LINE 36 OF E:\keil5_MDKorC51\C51\Inc\reg52.h: 'T2CON': redefinition
*** ERROR C231 IN LINE 37 OF E:\keil5_MDKorC51\C51\Inc\reg52.h: 'RCAP2L': redefinition
*** ERROR C231 IN LINE 38 OF E:\keil5_MDKorC51\C51\Inc\reg52.h: 'RCAP2H': redefinition
*** ERROR C231 IN LINE 39 OF E:\keil5_MDKorC51\C51\Inc\reg52.h: 'TL2': redefinition
*** ERROR C231 IN LINE 40 OF E:\keil5_MDKorC51\C51\Inc\reg52.h: 'TH2': redefinition
*** ERROR C231 IN LINE 45 OF E:\keil5_MDKorC51\C51\Inc\reg52.h: 'CY': redefinition
*** ERROR C231 IN LINE 46 OF E:\keil5_MDKorC51\C51\Inc\reg52.h: 'AC': redefinition
*** ERROR C231 IN LINE 47 OF E:\keil5_MDKorC51\C51\Inc\reg52.h: 'F0': redefinition
*** ERROR C231 IN LINE 48 OF E:\keil5_MDKorC51\C51\Inc\reg52.h: 'RS1': redefinition
*** ERROR C231 IN LINE 49 OF E:\keil5_MDKorC51\C51\Inc\reg52.h: 'RS0': redefinition
*** ERROR C231 IN LINE 50 OF E:\keil5_MDKorC51\C51\Inc\reg52.h: 'OV': redefinition
*** ERROR C231 IN LINE 51 OF E:\keil5_MDKorC51\C51\Inc\reg52.h: 'P': redefinition
*** ERROR C231 IN LINE 54 OF E:\keil5_MDKorC51\C51\Inc\reg52.h: 'TF1': redefinition
*** ERROR C231 IN LINE 55 OF E:\keil5_MDKorC51\C51\Inc\reg52.h: 'TR1': redefinition
*** ERROR C231 IN LINE 56 OF E:\keil5_MDKorC51\C51\Inc\reg52.h: 'TF0': redefinition
*** ERROR C231 IN LINE 57 OF E:\keil5_MDKorC51\C51\Inc\reg52.h: 'TR0': redefinition
*** ERROR C231 IN LINE 58 OF E:\keil5_MDKorC51\C51\Inc\reg52.h: 'IE1': redefinition
*** ERROR C231 IN LINE 59 OF E:\keil5_MDKorC51\C51\Inc\reg52.h: 'IT1': redefinition
*** ERROR C231 IN LINE 60 OF E:\keil5_MDKorC51\C51\Inc\reg52.h: 'IE0': redefinition
*** ERROR C231 IN LINE 61 OF E:\keil5_MDKorC51\C51\Inc\reg52.h: 'IT0': redefinition
*** ERROR C231 IN LINE 64 OF E:\keil5_MDKorC51\C51\Inc\reg52.h: 'EA': redefinition
*** ERROR C231 IN LINE 65 OF E:\keil5_MDKorC51\C51\Inc\reg52.h: 'ET2': redefinition
*** ERROR C231 IN LINE 66 OF E:\keil5_MDKorC51\C51\Inc\reg52.h: 'ES': redefinition
*** ERROR C231 IN LINE 67 OF E:\keil5_MDKorC51\C51\Inc\reg52.h: 'ET1': redefinition
*** ERROR C231 IN LINE 68 OF E:\keil5_MDKorC51\C51\Inc\reg52.h: 'EX1': redefinition
*** ERROR C231 IN LINE 69 OF E:\keil5_MDKorC51\C51\Inc\reg52.h: 'ET0': redefinition
*** ERROR C231 IN LINE 70 OF E:\keil5_MDKorC51\C51\Inc\reg52.h: 'EX0': redefinition
*** ERROR C231 IN LINE 73 OF E:\keil5_MDKorC51\C51\Inc\reg52.h: 'PT2': redefinition
*** ERROR C231 IN LINE 74 OF E:\keil5_MDKorC51\C51\Inc\reg52.h: 'PS': redefinition
*** ERROR C231 IN LINE 75 OF E:\keil5_MDKorC51\C51\Inc\reg52.h: 'PT1': redefinition
*** ERROR C231 IN LINE 76 OF E:\keil5_MDKorC51\C51\Inc\reg52.h: 'PX1': redefinition
C51 COMPILER V9.60.7.0   I2C                                                               03/05/2023 19:04:46 PAGE 2   

*** ERROR C231 IN LINE 77 OF E:\keil5_MDKorC51\C51\Inc\reg52.h: 'PT0': redefinition
*** ERROR C231 IN LINE 78 OF E:\keil5_MDKorC51\C51\Inc\reg52.h: 'PX0': redefinition
*** ERROR C231 IN LINE 81 OF E:\keil5_MDKorC51\C51\Inc\reg52.h: 'RD': redefinition
*** ERROR C231 IN LINE 82 OF E:\keil5_MDKorC51\C51\Inc\reg52.h: 'WR': redefinition
*** ERROR C231 IN LINE 83 OF E:\keil5_MDKorC51\C51\Inc\reg52.h: 'T1': redefinition
*** ERROR C231 IN LINE 84 OF E:\keil5_MDKorC51\C51\Inc\reg52.h: 'T0': redefinition
*** ERROR C231 IN LINE 85 OF E:\keil5_MDKorC51\C51\Inc\reg52.h: 'INT1': redefinition
*** ERROR C231 IN LINE 86 OF E:\keil5_MDKorC51\C51\Inc\reg52.h: 'INT0': redefinition
*** ERROR C231 IN LINE 87 OF E:\keil5_MDKorC51\C51\Inc\reg52.h: 'TXD': redefinition
*** ERROR C231 IN LINE 88 OF E:\keil5_MDKorC51\C51\Inc\reg52.h: 'RXD': redefinition
*** ERROR C231 IN LINE 91 OF E:\keil5_MDKorC51\C51\Inc\reg52.h: 'SM0': redefinition
*** ERROR C231 IN LINE 92 OF E:\keil5_MDKorC51\C51\Inc\reg52.h: 'SM1': redefinition
*** ERROR C231 IN LINE 93 OF E:\keil5_MDKorC51\C51\Inc\reg52.h: 'SM2': redefinition
*** ERROR C231 IN LINE 94 OF E:\keil5_MDKorC51\C51\Inc\reg52.h: 'REN': redefinition
*** ERROR C231 IN LINE 95 OF E:\keil5_MDKorC51\C51\Inc\reg52.h: 'TB8': redefinition
*** ERROR C231 IN LINE 96 OF E:\keil5_MDKorC51\C51\Inc\reg52.h: 'RB8': redefinition
*** ERROR C231 IN LINE 97 OF E:\keil5_MDKorC51\C51\Inc\reg52.h: 'TI': redefinition
*** ERROR C231 IN LINE 98 OF E:\keil5_MDKorC51\C51\Inc\reg52.h: 'RI': redefinition
*** ERROR C231 IN LINE 101 OF E:\keil5_MDKorC51\C51\Inc\reg52.h: 'T2EX': redefinition
*** ERROR C231 IN LINE 102 OF E:\keil5_MDKorC51\C51\Inc\reg52.h: 'T2': redefinition
*** ERROR C231 IN LINE 105 OF E:\keil5_MDKorC51\C51\Inc\reg52.h: 'TF2': redefinition
*** ERROR C231 IN LINE 106 OF E:\keil5_MDKorC51\C51\Inc\reg52.h: 'EXF2': redefinition
*** ERROR C231 IN LINE 107 OF E:\keil5_MDKorC51\C51\Inc\reg52.h: 'RCLK': redefinition
*** ERROR C231 IN LINE 108 OF E:\keil5_MDKorC51\C51\Inc\reg52.h: 'TCLK': redefinition
*** ERROR C231 IN LINE 109 OF E:\keil5_MDKorC51\C51\Inc\reg52.h: 'EXEN2': redefinition
*** ERROR C231 IN LINE 110 OF E:\keil5_MDKorC51\C51\Inc\reg52.h: 'TR2': redefinition
*** ERROR C231 IN LINE 111 OF E:\keil5_MDKorC51\C51\Inc\reg52.h: 'C_T2': redefinition
*** ERROR C231 IN LINE 112 OF E:\keil5_MDKorC51\C51\Inc\reg52.h: 'CP_RL2': redefinition
   3          sbit SCL = P2^1;
   4          sbit SDA = P2^0;
   5          
   6          void I2C_start()//发送开始
   7          {
   8   1          SCL = 1;
   9   1          SDA = 1;
  10   1          SDA = 0;
  11   1          SCL = 0;
  12   1      }
  13          
  14          void I2C_stop()//发送停止
  15          {
  16   1          SDA = 0;
  17   1          SCL = 1;
  18   1          SDA = 1;  
  19   1      }
  20          
  21          void I2C_send_byte(u8 dat)//发送一个字节
  22          {
  23   1          u8 i = 0;
  24   1          for(i = 0; i<8; i++)
  25   1          {
  26   2              SDA = dat & (0x80>>i);
  27   2              SCL = 1;
  28   2              SCL = 0;
  29   2          }
  30   1      }
  31          
  32          u8 I2C_receive_byte()//接收一个字节
  33          {
  34   1          u8 da = 0;
  35   1          u8 i = 0;
  36   1          SDA = 1;
C51 COMPILER V9.60.7.0   I2C                                                               03/05/2023 19:04:46 PAGE 3   

  37   1          for(i = 0; i < 8; i++)
  38   1          {
  39   2              SCL = 1;
  40   2              if(SDA)
  41   2                  da |= (0x80>>i);//从机如果拉低，就是0，dat的i位不变还是0，
  42   2                                   //从机如果松开，就是1，dat的i位，置1，
  43   2                                   //如此循环八次把dat的值变成从机发送的数据            
  44   2              SCL = 0;
  45   2          }
  46   1          return da;
  47   1      }
  48          
  49          void I2C_send_ack(unsigned char ack)//bit是51中特有的数据位，sizeof（bit）= 1bit
  50          {                                   //发送应答
  51   1          SDA = ack & 0x01;
  52   1          SCL = 1;
  53   1          SCL = 0;
  54   1      }
  55          
  56          u8 I2C_receive_ack()//接收应答,0为应答1为不应答
  57          {
  58   1          u8 ack = 0;
  59   1          SDA = 1;
  60   1          SCL = 1;
  61   1          if(SDA)
  62   1              ack = 1;//此时SDA控制权已经交给从机，
  63   1                      //从机不拉则返回1，拉低则表示应答返回0
  64   1          SCL = 0;
  65   1          return ack;
  66   1      }
  67          
  68          
  69          
  70          

C51 COMPILATION COMPLETE.  0 WARNING(S),  80 ERROR(S)
