C51 COMPILER V9.54   NIXIE_TUBE                                                            01/14/2023 14:05:37 PAGE 1   


C51 COMPILER V9.54, COMPILATION OF MODULE NIXIE_TUBE
OBJECT MODULE PLACED IN .\Objects\Nixie_Tube.obj
COMPILER INVOKED BY: E:\Keil5 C51\C51\BIN\C51.EXE Nixie_Tube.c OPTIMIZE(8,SPEED) BROWSE DEBUG OBJECTEXTEND PRINT(.\Listi
                    -ngs\Nixie_Tube.lst) OBJECT(.\Objects\Nixie_Tube.obj)

line level    source

   1          #include <REGX52.H>
   2          #include "Delay.h"
   3          
   4          u8 ch[] = {0x3F,0x06,0x5B,0x4F,0x66,0x6D,0x7D,0x07,0x7F,0x6F};
   5          
   6          void nixie(u8 input, u8 Num)
   7          {
   8   1          switch(input)
   9   1          {
  10   2          case 1: P2_4 = 1;P2_3 = 1;P2_2 = 1; break;
  11   2          case 2: P2_4 = 1;P2_3 = 1;P2_2 = 0; break;
  12   2          case 3: P2_4 = 1;P2_3 = 0;P2_2 = 1; break;
  13   2          case 4: P2_4 = 1;P2_3 = 0;P2_2 = 0; break;
  14   2          case 5: P2_4 = 0;P2_3 = 1;P2_2 = 1; break;
  15   2          case 6: P2_4 = 0;P2_3 = 1;P2_2 = 0; break;
  16   2          case 7: P2_4 = 0;P2_3 = 0;P2_2 = 1; break;
  17   2          case 8: P2_4 = 0;P2_3 = 0;P2_2 = 0; break;
  18   2          }
  19   1          P0 = ch[Num];
  20   1          Delay(1);
  21   1          //P2_4 = 0;P2_3 = 0;P2_2 = 0;
  22   1          //Delay(1);
  23   1      }
  24          


MODULE INFORMATION:   STATIC OVERLAYABLE
   CODE SIZE        =    105    ----
   CONSTANT SIZE    =   ----    ----
   XDATA SIZE       =   ----    ----
   PDATA SIZE       =   ----    ----
   DATA SIZE        =     10    ----
   IDATA SIZE       =   ----    ----
   BIT SIZE         =   ----    ----
END OF MODULE INFORMATION.


C51 COMPILATION COMPLETE.  0 WARNING(S),  0 ERROR(S)
