C51 COMPILER V9.60.7.0   PUBLIC                                                            03/05/2023 19:04:46 PAGE 1   


C51 COMPILER V9.60.7.0, COMPILATION OF MODULE PUBLIC
OBJECT MODULE PLACED IN .\Objects\public.obj
COMPILER INVOKED BY: E:\keil5_MDKorC51\C51\BIN\C51.EXE public.c OPTIMIZE(8,SPEED) BROWSE INCDIR(E:\keil5_MDKorC51\C51\IN
                    -C\Atmel) DEBUG OBJECTEXTEND PRINT(.\Listings\public.lst) OBJECT(.\Objects\public.obj)

line level    source

   1          #include "public.h"
   2          /*******************************************************************************
   3          * 函 数 名       : delay_10us
   4          * 函数功能               : 延时函数，ten_us=1时，大约延时10us
   5          * 输    入       : ten_us
   6          * 输    出       : 无
   7          *******************************************************************************/
   8          void delay_10us(u16 ten_us)
   9          {
  10   1              while(ten_us--);        
  11   1      }
  12          
  13          /*******************************************************************************
  14          * 函 数 名       : delay_ms
  15          * 函数功能               : ms延时函数，ms=1时，大约延时1ms
  16          * 输    入       : ms：ms延时时间
  17          * 输    出       : 无
  18          *******************************************************************************/
  19          void delay_ms(u16 ms)
  20          {
  21   1              u16 i,j;
  22   1              for(i=ms;i>0;i--)
  23   1                      for(j=110;j>0;j--);
  24   1      }


MODULE INFORMATION:   STATIC OVERLAYABLE
   CODE SIZE        =     41    ----
   CONSTANT SIZE    =   ----    ----
   XDATA SIZE       =   ----    ----
   PDATA SIZE       =   ----    ----
   DATA SIZE        =   ----    ----
   IDATA SIZE       =   ----    ----
   BIT SIZE         =   ----    ----
END OF MODULE INFORMATION.


C51 COMPILATION COMPLETE.  0 WARNING(S),  0 ERROR(S)
