C51 COMPILER V9.60.7.0   TIMER0                                                            03/05/2023 19:04:45 PAGE 1   


C51 COMPILER V9.60.7.0, COMPILATION OF MODULE TIMER0
OBJECT MODULE PLACED IN .\Objects\Timer0.obj
COMPILER INVOKED BY: E:\keil5_MDKorC51\C51\BIN\C51.EXE Timer0.c OPTIMIZE(8,SPEED) BROWSE INCDIR(E:\keil5_MDKorC51\C51\IN
                    -C\Atmel) DEBUG OBJECTEXTEND PRINT(.\Listings\Timer0.lst) OBJECT(.\Objects\Timer0.obj)

line level    source

   1          #include <REGX52.H>
   2          #include "public.h"
*** ERROR C231 IN LINE 13 OF E:\keil5_MDKorC51\C51\Inc\reg52.h: 'P0': redefinition
*** ERROR C231 IN LINE 14 OF E:\keil5_MDKorC51\C51\Inc\reg52.h: 'P1': redefinition
*** ERROR C231 IN LINE 15 OF E:\keil5_MDKorC51\C51\Inc\reg52.h: 'P2': redefinition
*** ERROR C231 IN LINE 16 OF E:\keil5_MDKorC51\C51\Inc\reg52.h: 'P3': redefinition
*** ERROR C231 IN LINE 17 OF E:\keil5_MDKorC51\C51\Inc\reg52.h: 'PSW': redefinition
*** ERROR C231 IN LINE 18 OF E:\keil5_MDKorC51\C51\Inc\reg52.h: 'ACC': redefinition
*** ERROR C231 IN LINE 19 OF E:\keil5_MDKorC51\C51\Inc\reg52.h: 'B': redefinition
*** ERROR C231 IN LINE 20 OF E:\keil5_MDKorC51\C51\Inc\reg52.h: 'SP': redefinition
*** ERROR C231 IN LINE 21 OF E:\keil5_MDKorC51\C51\Inc\reg52.h: 'DPL': redefinition
*** ERROR C231 IN LINE 22 OF E:\keil5_MDKorC51\C51\Inc\reg52.h: 'DPH': redefinition
*** ERROR C231 IN LINE 23 OF E:\keil5_MDKorC51\C51\Inc\reg52.h: 'PCON': redefinition
*** ERROR C231 IN LINE 24 OF E:\keil5_MDKorC51\C51\Inc\reg52.h: 'TCON': redefinition
*** ERROR C231 IN LINE 25 OF E:\keil5_MDKorC51\C51\Inc\reg52.h: 'TMOD': redefinition
*** ERROR C231 IN LINE 26 OF E:\keil5_MDKorC51\C51\Inc\reg52.h: 'TL0': redefinition
*** ERROR C231 IN LINE 27 OF E:\keil5_MDKorC51\C51\Inc\reg52.h: 'TL1': redefinition
*** ERROR C231 IN LINE 28 OF E:\keil5_MDKorC51\C51\Inc\reg52.h: 'TH0': redefinition
*** ERROR C231 IN LINE 29 OF E:\keil5_MDKorC51\C51\Inc\reg52.h: 'TH1': redefinition
*** ERROR C231 IN LINE 30 OF E:\keil5_MDKorC51\C51\Inc\reg52.h: 'IE': redefinition
*** ERROR C231 IN LINE 31 OF E:\keil5_MDKorC51\C51\Inc\reg52.h: 'IP': redefinition
*** ERROR C231 IN LINE 32 OF E:\keil5_MDKorC51\C51\Inc\reg52.h: 'SCON': redefinition
*** ERROR C231 IN LINE 33 OF E:\keil5_MDKorC51\C51\Inc\reg52.h: 'SBUF': redefinition
*** ERROR C231 IN LINE 36 OF E:\keil5_MDKorC51\C51\Inc\reg52.h: 'T2CON': redefinition
*** ERROR C231 IN LINE 37 OF E:\keil5_MDKorC51\C51\Inc\reg52.h: 'RCAP2L': redefinition
*** ERROR C231 IN LINE 38 OF E:\keil5_MDKorC51\C51\Inc\reg52.h: 'RCAP2H': redefinition
*** ERROR C231 IN LINE 39 OF E:\keil5_MDKorC51\C51\Inc\reg52.h: 'TL2': redefinition
*** ERROR C231 IN LINE 40 OF E:\keil5_MDKorC51\C51\Inc\reg52.h: 'TH2': redefinition
*** ERROR C231 IN LINE 45 OF E:\keil5_MDKorC51\C51\Inc\reg52.h: 'CY': redefinition
*** ERROR C231 IN LINE 46 OF E:\keil5_MDKorC51\C51\Inc\reg52.h: 'AC': redefinition
*** ERROR C231 IN LINE 47 OF E:\keil5_MDKorC51\C51\Inc\reg52.h: 'F0': redefinition
*** ERROR C231 IN LINE 48 OF E:\keil5_MDKorC51\C51\Inc\reg52.h: 'RS1': redefinition
*** ERROR C231 IN LINE 49 OF E:\keil5_MDKorC51\C51\Inc\reg52.h: 'RS0': redefinition
*** ERROR C231 IN LINE 50 OF E:\keil5_MDKorC51\C51\Inc\reg52.h: 'OV': redefinition
*** ERROR C231 IN LINE 51 OF E:\keil5_MDKorC51\C51\Inc\reg52.h: 'P': redefinition
*** ERROR C231 IN LINE 54 OF E:\keil5_MDKorC51\C51\Inc\reg52.h: 'TF1': redefinition
*** ERROR C231 IN LINE 55 OF E:\keil5_MDKorC51\C51\Inc\reg52.h: 'TR1': redefinition
*** ERROR C231 IN LINE 56 OF E:\keil5_MDKorC51\C51\Inc\reg52.h: 'TF0': redefinition
*** ERROR C231 IN LINE 57 OF E:\keil5_MDKorC51\C51\Inc\reg52.h: 'TR0': redefinition
*** ERROR C231 IN LINE 58 OF E:\keil5_MDKorC51\C51\Inc\reg52.h: 'IE1': redefinition
*** ERROR C231 IN LINE 59 OF E:\keil5_MDKorC51\C51\Inc\reg52.h: 'IT1': redefinition
*** ERROR C231 IN LINE 60 OF E:\keil5_MDKorC51\C51\Inc\reg52.h: 'IE0': redefinition
*** ERROR C231 IN LINE 61 OF E:\keil5_MDKorC51\C51\Inc\reg52.h: 'IT0': redefinition
*** ERROR C231 IN LINE 64 OF E:\keil5_MDKorC51\C51\Inc\reg52.h: 'EA': redefinition
*** ERROR C231 IN LINE 65 OF E:\keil5_MDKorC51\C51\Inc\reg52.h: 'ET2': redefinition
*** ERROR C231 IN LINE 66 OF E:\keil5_MDKorC51\C51\Inc\reg52.h: 'ES': redefinition
*** ERROR C231 IN LINE 67 OF E:\keil5_MDKorC51\C51\Inc\reg52.h: 'ET1': redefinition
*** ERROR C231 IN LINE 68 OF E:\keil5_MDKorC51\C51\Inc\reg52.h: 'EX1': redefinition
*** ERROR C231 IN LINE 69 OF E:\keil5_MDKorC51\C51\Inc\reg52.h: 'ET0': redefinition
*** ERROR C231 IN LINE 70 OF E:\keil5_MDKorC51\C51\Inc\reg52.h: 'EX0': redefinition
*** ERROR C231 IN LINE 73 OF E:\keil5_MDKorC51\C51\Inc\reg52.h: 'PT2': redefinition
*** ERROR C231 IN LINE 74 OF E:\keil5_MDKorC51\C51\Inc\reg52.h: 'PS': redefinition
*** ERROR C231 IN LINE 75 OF E:\keil5_MDKorC51\C51\Inc\reg52.h: 'PT1': redefinition
*** ERROR C231 IN LINE 76 OF E:\keil5_MDKorC51\C51\Inc\reg52.h: 'PX1': redefinition
C51 COMPILER V9.60.7.0   TIMER0                                                            03/05/2023 19:04:45 PAGE 2   

*** ERROR C231 IN LINE 77 OF E:\keil5_MDKorC51\C51\Inc\reg52.h: 'PT0': redefinition
*** ERROR C231 IN LINE 78 OF E:\keil5_MDKorC51\C51\Inc\reg52.h: 'PX0': redefinition
*** ERROR C231 IN LINE 81 OF E:\keil5_MDKorC51\C51\Inc\reg52.h: 'RD': redefinition
*** ERROR C231 IN LINE 82 OF E:\keil5_MDKorC51\C51\Inc\reg52.h: 'WR': redefinition
*** ERROR C231 IN LINE 83 OF E:\keil5_MDKorC51\C51\Inc\reg52.h: 'T1': redefinition
*** ERROR C231 IN LINE 84 OF E:\keil5_MDKorC51\C51\Inc\reg52.h: 'T0': redefinition
*** ERROR C231 IN LINE 85 OF E:\keil5_MDKorC51\C51\Inc\reg52.h: 'INT1': redefinition
*** ERROR C231 IN LINE 86 OF E:\keil5_MDKorC51\C51\Inc\reg52.h: 'INT0': redefinition
*** ERROR C231 IN LINE 87 OF E:\keil5_MDKorC51\C51\Inc\reg52.h: 'TXD': redefinition
*** ERROR C231 IN LINE 88 OF E:\keil5_MDKorC51\C51\Inc\reg52.h: 'RXD': redefinition
*** ERROR C231 IN LINE 91 OF E:\keil5_MDKorC51\C51\Inc\reg52.h: 'SM0': redefinition
*** ERROR C231 IN LINE 92 OF E:\keil5_MDKorC51\C51\Inc\reg52.h: 'SM1': redefinition
*** ERROR C231 IN LINE 93 OF E:\keil5_MDKorC51\C51\Inc\reg52.h: 'SM2': redefinition
*** ERROR C231 IN LINE 94 OF E:\keil5_MDKorC51\C51\Inc\reg52.h: 'REN': redefinition
*** ERROR C231 IN LINE 95 OF E:\keil5_MDKorC51\C51\Inc\reg52.h: 'TB8': redefinition
*** ERROR C231 IN LINE 96 OF E:\keil5_MDKorC51\C51\Inc\reg52.h: 'RB8': redefinition
*** ERROR C231 IN LINE 97 OF E:\keil5_MDKorC51\C51\Inc\reg52.h: 'TI': redefinition
*** ERROR C231 IN LINE 98 OF E:\keil5_MDKorC51\C51\Inc\reg52.h: 'RI': redefinition
*** ERROR C231 IN LINE 101 OF E:\keil5_MDKorC51\C51\Inc\reg52.h: 'T2EX': redefinition
*** ERROR C231 IN LINE 102 OF E:\keil5_MDKorC51\C51\Inc\reg52.h: 'T2': redefinition
*** ERROR C231 IN LINE 105 OF E:\keil5_MDKorC51\C51\Inc\reg52.h: 'TF2': redefinition
*** ERROR C231 IN LINE 106 OF E:\keil5_MDKorC51\C51\Inc\reg52.h: 'EXF2': redefinition
*** ERROR C231 IN LINE 107 OF E:\keil5_MDKorC51\C51\Inc\reg52.h: 'RCLK': redefinition
*** ERROR C231 IN LINE 108 OF E:\keil5_MDKorC51\C51\Inc\reg52.h: 'TCLK': redefinition
*** ERROR C231 IN LINE 109 OF E:\keil5_MDKorC51\C51\Inc\reg52.h: 'EXEN2': redefinition
*** ERROR C231 IN LINE 110 OF E:\keil5_MDKorC51\C51\Inc\reg52.h: 'TR2': redefinition
*** ERROR C231 IN LINE 111 OF E:\keil5_MDKorC51\C51\Inc\reg52.h: 'C_T2': redefinition
*** ERROR C231 IN LINE 112 OF E:\keil5_MDKorC51\C51\Inc\reg52.h: 'CP_RL2': redefinition
   3          void Timer0_Init()//对定时器0初始化，1毫秒@11.0592MHZ
   4          {
   5   1              TMOD &= 0xF0;                   //设置定时器模式
   6   1              TMOD |= 0x01;                   //设置定时器模式
   7   1              TL0 = 0x66;                             //设置定时初始值
   8   1              TH0 = 0xFC;                             //设置定时初始值
   9   1              TF0 = 0;                                //清除TF0标志
  10   1              TR0 = 1;                                //定时器0开始计时
  11   1          ET0 = 1;
  12   1          EA = 1;
  13   1          PT0 = 0;
  14   1      
  15   1      //    //TMOD = 0x01;这种方法会改变高四位原来的值
  16   1      //    TMOD &= 0xF0;//这种方法对高四位与1（不变），对低四位与0（清零） 
  17   1      //    TMOD |= 0x01;//低四位0000或0001就是0001
  18   1      //    TF0 = 0;
  19   1      //    TR0 = 1; 
  20   1      //    TH0 = 64535 / 256;计数单元，来一次脉冲+1，一次脉冲时间为1us
  21   1      //    TL0 = 64535 % 256;高八位与低八位放与65535差一千的64535
  22   1      }
  23          
  24          /*//定时1s的模板,不易模块化
  25          void Timer0_Routine() interrupt 1
  26          {
  27              static unsigned int T0Count;
  28                  TL0 = 0x66;                             
  29                  TH0 = 0xFC;
  30              T0Count++;
  31              if(T0Count==1000)
  32              {
  33                  T0Count = 0;
  34              }
  35          }
  36          */
C51 COMPILER V9.60.7.0   TIMER0                                                            03/05/2023 19:04:45 PAGE 3   

  37          
  38          
  39          
  40          
  41          
  42          
  43          
  44          
  45          

C51 COMPILATION COMPLETE.  0 WARNING(S),  80 ERROR(S)
