C51 COMPILER V9.60.7.0   MAIN                                                              03/05/2023 10:41:17 PAGE 1   


C51 COMPILER V9.60.7.0, COMPILATION OF MODULE MAIN
OBJECT MODULE PLACED IN .\Objects\main.obj
COMPILER INVOKED BY: D:\51µ•∆¨ª˙◊ ¡œ\–¬Ω®Œƒº˛º–\C51\BIN\C51.EXE main.c OPTIMIZE(8,SPEED) BROWSE DEBUG OBJECTEXTEND PRINT
                    -(.\Listings\main.lst) TABS(2) OBJECT(.\Objects\main.obj)

line level    source

   1          #include <REGX52.H>
   2          #include "Delay.h"
   3          #include "UART.h"
   4          
   5          unsigned char Sec;
   6          
   7          int main(void)
   8          {
   9   1          UART_Init();
  10   1          //UART_SendByte(0xFF);     
  11   1          for(;;)
  12   1          {
  13   2      //        if(P3_1 == 0)//‰ΩøÁî®Áã¨Á´ãÊåâÈîÆÂèëÈÄÅ‰ºöÂêåÊó∂ÂèëÈÄÅ00ÔºåÂéüÂõ†‰∏çÊòé
  14   2      //        {
  15   2      //            Delay(20);
  16   2      //            while(P3_1 == 0);
  17   2      //            Delay(20);
  18   2                  UART_SendByte(Sec); 
  19   2                  Sec++;
  20   2                  Delay(100);
  21   2      //        }            
  22   2          }
  23   1          return 0;
  24   1      }
  25          
  26          
  27          
  28          
  29          
  30          
  31          
*** WARNING C294 IN LINE 23 OF main.c: unreachable code


MODULE INFORMATION:   STATIC OVERLAYABLE
   CODE SIZE        =     19    ----
   CONSTANT SIZE    =   ----    ----
   XDATA SIZE       =   ----    ----
   PDATA SIZE       =   ----    ----
   DATA SIZE        =      1    ----
   IDATA SIZE       =   ----    ----
   BIT SIZE         =   ----    ----
END OF MODULE INFORMATION.


C51 COMPILATION COMPLETE.  1 WARNING(S),  0 ERROR(S)
