C51 COMPILER V9.60.7.0   UART                                                              03/05/2023 10:41:18 PAGE 1   


C51 COMPILER V9.60.7.0, COMPILATION OF MODULE UART
OBJECT MODULE PLACED IN .\Objects\UART.obj
COMPILER INVOKED BY: D:\51╡е╞м╗·╫╩┴╧\╨┬╜и╬─╝■╝╨\C51\BIN\C51.EXE UART.c OPTIMIZE(8,SPEED) BROWSE DEBUG OBJECTEXTEND PRINT
                    -(.\Listings\UART.lst) TABS(2) OBJECT(.\Objects\UART.obj)

line level    source

   1          #include <REGX52.H>
   2          
   3          void UART_Init()        //4800bps@11.0592MHz
   4          {
   5   1          SCON = 0x40;        //ф╕Нф╜┐шГ╜
   6   1          PCON &= 0x7F;   //ц│вчЙ╣чОЗф╕НхАНщАЯ,11.0592ц▓бцЬЙшппх╖оф╕НчФихАНщАЯ
   7   1          
   8   1          TMOD &= 0x0F;       //шо╛ч╜охоЪцЧ╢хЩицибх╝П,ц╕ЕщЩдхоЪцЧ╢хЩи1цибх╝Пф╜Н
   9   1        TMOD |= 0x20;     //шо╛ч╜охоЪцЧ╢хЩицибх╝Пя╝Мшо╛ч╜охоЪцЧ╢хЩи1ф╕║8ф╜НшЗкхКищЗНшгЕцибх╝П
  10   1          TL1 = 0xFA;     //шо╛ч╜охоЪцЧ╢хИЭхзЛхА╝
  11   1        TH1 = 0xFA;     //шо╛ч╜охоЪцЧ╢щЗНш╜╜хА╝
  12   1        ET1 = 0;            //чжБцнвхоЪцЧ╢хЩиф╕нцЦн
  13   1        TR1 = 1;      //хоЪцЧ╢хЩи1х╝АхзЛшобцЧ╢    
  14   1      }
  15          
  16          void UART_SendByte(unsigned char byte)//хПСщАБф╕АхнЧшКВцХ░цНохИ░чФ╡шДС
  17          {
  18   1          SBUF = byte;
  19   1          while(TI == 0);
  20   1          TI = 0;
  21   1      }


MODULE INFORMATION:   STATIC OVERLAYABLE
   CODE SIZE        =     31    ----
   CONSTANT SIZE    =   ----    ----
   XDATA SIZE       =   ----    ----
   PDATA SIZE       =   ----    ----
   DATA SIZE        =   ----    ----
   IDATA SIZE       =   ----    ----
   BIT SIZE         =   ----    ----
END OF MODULE INFORMATION.


C51 COMPILATION COMPLETE.  0 WARNING(S),  0 ERROR(S)
