C51 COMPILER V9.01   LCD1602                                                               03/05/2023 00:01:58 PAGE 1   


C51 COMPILER V9.01, COMPILATION OF MODULE LCD1602
OBJECT MODULE PLACED IN .\Objects\LCD1602.obj
COMPILER INVOKED BY: E:\keil_mdk5\C51\BIN\C51.EXE LCD1602.c OPTIMIZE(8,SPEED) BROWSE DEBUG OBJECTEXTEND PRINT(.\Listings
                    -\LCD1602.lst) OBJECT(.\Objects\LCD1602.obj)

line level    source

   1          #include <REGX52.H>
*** WARNING C317 IN LINE 12 OF E:\KEIL_MDK5\C51\INC\ATMEL\REGX52.H: attempt to redefine macro 'unsigned'
   2          
   3          //引脚配置：
   4          sbit LCD_RS=P2^6;
   5          sbit LCD_RW=P2^5;
   6          sbit LCD_EN=P2^7;
   7          #define LCD_DataPort P0
   8          
   9          //函数定义：
  10          /**
  11            * @brief  LCD1602延时函数，12MHz调用可延时1ms
  12            * @param  无
  13            * @retval 无
  14            */
  15          void LCD_Delay()
  16          {
  17   1              unsigned char i, j;
*** ERROR C141 IN LINE 17 OF LCD1602.C: syntax error near 'char'
  18   1      
  19   1              i = 2;
  20   1              j = 239;
  21   1              do
  22   1              {
  23   2                      while (--j);
  24   2              } while (--i);
  25   1      }
  26          
  27          /**
  28            * @brief  LCD1602写命令
  29            * @param  Command 要写入的命令
  30            * @retval 无
  31            */
  32          void LCD_WriteCommand(unsigned char Command)
*** ERROR C141 IN LINE 32 OF LCD1602.C: syntax error near 'char', expected ')'
  33          {
  34   1              LCD_RS=0;
  35   1              LCD_RW=0;
  36   1              LCD_DataPort=Command;
*** ERROR C202 IN LINE 36 OF LCD1602.C: 'Command': undefined identifier
  37   1              LCD_EN=1;
  38   1              LCD_Delay();
  39   1              LCD_EN=0;
  40   1              LCD_Delay();
  41   1      }
  42          
  43          /**
  44            * @brief  LCD1602写数据
  45            * @param  Data 要写入的数据
  46            * @retval 无
  47            */
  48          void LCD_WriteData(unsigned char Data)
*** ERROR C141 IN LINE 48 OF LCD1602.C: syntax error near 'char', expected ')'
  49          {
C51 COMPILER V9.01   LCD1602                                                               03/05/2023 00:01:58 PAGE 2   

  50   1              LCD_RS=1;
  51   1              LCD_RW=0;
  52   1              LCD_DataPort=Data;
*** ERROR C202 IN LINE 52 OF LCD1602.C: 'Data': undefined identifier
  53   1              LCD_EN=1;
  54   1              LCD_Delay();
  55   1              LCD_EN=0;
  56   1              LCD_Delay();
  57   1      }
  58          
  59          /**
  60            * @brief  LCD1602设置光标位置
  61            * @param  Line 行位置，范围：1~2
  62            * @param  Column 列位置，范围：1~16
  63            * @retval 无
  64            */
  65          void LCD_SetCursor(unsigned char Line,unsigned char Column)
*** ERROR C141 IN LINE 65 OF LCD1602.C: syntax error near 'char', expected ')'
  66          {
  67   1              if(Line==1)
*** ERROR C202 IN LINE 67 OF LCD1602.C: 'Line': undefined identifier
  68   1              {
  69   2                      LCD_WriteCommand(0x80|(Column-1));
*** ERROR C202 IN LINE 69 OF LCD1602.C: 'Column': undefined identifier
  70   2              }
  71   1              else if(Line==2)
*** ERROR C202 IN LINE 71 OF LCD1602.C: 'Line': undefined identifier
  72   1              {
  73   2                      LCD_WriteCommand(0x80|(Column-1+0x40));
*** ERROR C202 IN LINE 73 OF LCD1602.C: 'Column': undefined identifier
  74   2              }
  75   1      }
  76          
  77          /**
  78            * @brief  LCD1602初始化函数
  79            * @param  无
  80            * @retval 无
  81            */
  82          void LCD_Init()
  83          {
  84   1              LCD_WriteCommand(0x38);//八位数据接口，两行显示，5*7点阵
  85   1              LCD_WriteCommand(0x0c);//显示开，光标关，闪烁关
  86   1              LCD_WriteCommand(0x06);//数据读写操作后，光标自动加一，画面不动
  87   1              LCD_WriteCommand(0x01);//光标复位，清屏
  88   1      }
  89          
  90          /**
  91            * @brief  在LCD1602指定位置上显示一个字符
  92            * @param  Line 行位置，范围：1~2
  93            * @param  Column 列位置，范围：1~16
  94            * @param  Char 要显示的字符
  95            * @retval 无
  96            */
  97          void LCD_ShowChar(unsigned char Line,unsigned char Column,char Char)
*** ERROR C141 IN LINE 97 OF LCD1602.C: syntax error near 'char', expected ')'
  98          {
  99   1              LCD_SetCursor(Line,Column);
*** ERROR C202 IN LINE 99 OF LCD1602.C: 'Line': undefined identifier
 100   1              LCD_WriteData(Char);
*** ERROR C202 IN LINE 100 OF LCD1602.C: 'Char': undefined identifier
 101   1      }
 102          
C51 COMPILER V9.01   LCD1602                                                               03/05/2023 00:01:58 PAGE 3   

 103          /**
 104            * @brief  在LCD1602指定位置开始显示所给字符串
 105            * @param  Line 起始行位置，范围：1~2
 106            * @param  Column 起始列位置，范围：1~16
 107            * @param  String 要显示的字符串
 108            * @retval 无
 109            */
 110          void LCD_ShowString(unsigned char Line,unsigned char Column,char *String)
*** ERROR C141 IN LINE 110 OF LCD1602.C: syntax error near 'char', expected ')'
 111          {
 112   1              unsigned char i;
*** ERROR C231 IN LINE 112 OF LCD1602.C: 'u8': redefinition
*** ERROR C141 IN LINE 112 OF LCD1602.C: syntax error near 'char'
 113   1              LCD_SetCursor(Line,Column);
*** ERROR C202 IN LINE 113 OF LCD1602.C: 'Line': undefined identifier
 114   1              for(i=0;String[i]!='\0';i++)
*** ERROR C202 IN LINE 114 OF LCD1602.C: 'String': undefined identifier
 115   1              {
 116   2                      LCD_WriteData(String[i]);
*** ERROR C202 IN LINE 116 OF LCD1602.C: 'String': undefined identifier
 117   2              }
 118   1      }
 119          
 120          /**
 121            * @brief  返回值=X的Y次方
 122            */
 123          int LCD_Pow(int X,int Y)
 124          {
 125   1              unsigned char i;
*** ERROR C141 IN LINE 125 OF LCD1602.C: syntax error near 'char'
 126   1              int Result=1;
 127   1              for(i=0;i<Y;i++)
 128   1              {
 129   2                      Result*=X;
 130   2              }
 131   1              return Result;
 132   1      }
 133          
 134          /**
 135            * @brief  在LCD1602指定位置开始显示所给数字
 136            * @param  Line 起始行位置，范围：1~2
 137            * @param  Column 起始列位置，范围：1~16
 138            * @param  Number 要显示的数字，范围：0~65535
 139            * @param  Length 要显示数字的长度，范围：1~5
 140            * @retval 无
 141            */
 142          void LCD_ShowNum(unsigned char Line,unsigned char Column,unsigned int Number,unsigned char Length)
*** ERROR C141 IN LINE 142 OF LCD1602.C: syntax error near 'char', expected ')'
 143          {
 144   1              unsigned char i;
*** ERROR C231 IN LINE 144 OF LCD1602.C: 'u8': redefinition
*** ERROR C141 IN LINE 144 OF LCD1602.C: syntax error near 'char'
 145   1              LCD_SetCursor(Line,Column);
*** ERROR C202 IN LINE 145 OF LCD1602.C: 'Line': undefined identifier
 146   1              for(i=Length;i>0;i--)
*** ERROR C202 IN LINE 146 OF LCD1602.C: 'Length': undefined identifier
 147   1              {
 148   2                      LCD_WriteData(Number/LCD_Pow(10,i-1)%10+'0');
*** ERROR C202 IN LINE 148 OF LCD1602.C: 'Number': undefined identifier
 149   2              }
 150   1      }
 151          
C51 COMPILER V9.01   LCD1602                                                               03/05/2023 00:01:58 PAGE 4   

 152          /**
 153            * @brief  在LCD1602指定位置开始以有符号十进制显示所给数字
 154            * @param  Line 起始行位置，范围：1~2
 155            * @param  Column 起始列位置，范围：1~16
 156            * @param  Number 要显示的数字，范围：-32768~32767
 157            * @param  Length 要显示数字的长度，范围：1~5
 158            * @retval 无
 159            */
 160          void LCD_ShowSignedNum(unsigned char Line,unsigned char Column,int Number,unsigned char Length)
*** ERROR C141 IN LINE 160 OF LCD1602.C: syntax error near 'char', expected ')'
 161          {
 162   1              unsigned char i;
*** ERROR C231 IN LINE 162 OF LCD1602.C: 'u8': redefinition
*** ERROR C141 IN LINE 162 OF LCD1602.C: syntax error near 'char'
 163   1              unsigned int Number1;
*** ERROR C231 IN LINE 163 OF LCD1602.C: 'u8': redefinition
*** ERROR C141 IN LINE 163 OF LCD1602.C: syntax error near 'int'
 164   1              LCD_SetCursor(Line,Column);
*** ERROR C202 IN LINE 164 OF LCD1602.C: 'Line': undefined identifier
 165   1              if(Number>=0)
*** ERROR C202 IN LINE 165 OF LCD1602.C: 'Number': undefined identifier
 166   1              {
 167   2                      LCD_WriteData('+');
 168   2                      Number1=Number;
*** ERROR C202 IN LINE 168 OF LCD1602.C: 'Number': undefined identifier
 169   2              }
 170   1              else
 171   1              {
 172   2                      LCD_WriteData('-');
 173   2                      Number1=-Number;
*** ERROR C202 IN LINE 173 OF LCD1602.C: 'Number': undefined identifier
 174   2              }
 175   1              for(i=Length;i>0;i--)
*** ERROR C202 IN LINE 175 OF LCD1602.C: 'Length': undefined identifier
 176   1              {
 177   2                      LCD_WriteData(Number1/LCD_Pow(10,i-1)%10+'0');
 178   2              }
 179   1      }
 180          
 181          /**
 182            * @brief  在LCD1602指定位置开始以十六进制显示所给数字
 183            * @param  Line 起始行位置，范围：1~2
 184            * @param  Column 起始列位置，范围：1~16
 185            * @param  Number 要显示的数字，范围：0~0xFFFF
 186            * @param  Length 要显示数字的长度，范围：1~4
 187            * @retval 无
 188            */
 189          void LCD_ShowHexNum(unsigned char Line,unsigned char Column,unsigned int Number,unsigned char Length)
*** ERROR C141 IN LINE 189 OF LCD1602.C: syntax error near 'char', expected ')'
 190          {
 191   1              unsigned char i,SingleNumber;
*** ERROR C231 IN LINE 191 OF LCD1602.C: 'u8': redefinition
*** ERROR C141 IN LINE 191 OF LCD1602.C: syntax error near 'char'
 192   1              LCD_SetCursor(Line,Column);
*** ERROR C202 IN LINE 192 OF LCD1602.C: 'Line': undefined identifier
 193   1              for(i=Length;i>0;i--)
*** ERROR C202 IN LINE 193 OF LCD1602.C: 'Length': undefined identifier
 194   1              {
 195   2                      SingleNumber=Number/LCD_Pow(16,i-1)%16;
*** ERROR C202 IN LINE 195 OF LCD1602.C: 'Number': undefined identifier
 196   2                      if(SingleNumber<10)
 197   2                      {
C51 COMPILER V9.01   LCD1602                                                               03/05/2023 00:01:58 PAGE 5   

 198   3                              LCD_WriteData(SingleNumber+'0');
 199   3                      }
 200   2                      else
 201   2                      {
 202   3                              LCD_WriteData(SingleNumber-10+'A');
 203   3                      }
 204   2              }
 205   1      }
 206          
 207          /**
 208            * @brief  在LCD1602指定位置开始以二进制显示所给数字
 209            * @param  Line 起始行位置，范围：1~2
 210            * @param  Column 起始列位置，范围：1~16
 211            * @param  Number 要显示的数字，范围：0~1111 1111 1111 1111
 212            * @param  Length 要显示数字的长度，范围：1~16
 213            * @retval 无
 214            */
 215          void LCD_ShowBinNum(unsigned char Line,unsigned char Column,unsigned int Number,unsigned char Length)
*** ERROR C141 IN LINE 215 OF LCD1602.C: syntax error near 'char', expected ')'
 216          {
 217   1              unsigned char i;
*** ERROR C231 IN LINE 217 OF LCD1602.C: 'u8': redefinition
*** ERROR C141 IN LINE 217 OF LCD1602.C: syntax error near 'char'
 218   1              LCD_SetCursor(Line,Column);
*** ERROR C202 IN LINE 218 OF LCD1602.C: 'Line': undefined identifier
 219   1              for(i=Length;i>0;i--)
*** ERROR C202 IN LINE 219 OF LCD1602.C: 'Length': undefined identifier
 220   1              {
 221   2                      LCD_WriteData(Number/LCD_Pow(2,i-1)%2+'0');
*** ERROR C202 IN LINE 221 OF LCD1602.C: 'Number': undefined identifier
 222   2              }
 223   1      }

C51 COMPILATION COMPLETE.  1 WARNING(S),  48 ERROR(S)
