C51 COMPILER V9.01   MAIN                                                                  03/05/2023 00:01:57 PAGE 1   


C51 COMPILER V9.01, COMPILATION OF MODULE MAIN
OBJECT MODULE PLACED IN .\Objects\main.obj
COMPILER INVOKED BY: E:\keil_mdk5\C51\BIN\C51.EXE main.c OPTIMIZE(8,SPEED) BROWSE DEBUG OBJECTEXTEND PRINT(.\Listings\ma
                    -in.lst) OBJECT(.\Objects\main.obj)

line level    source

   1          #include <REGX52.H>
*** WARNING C317 IN LINE 12 OF E:\KEIL_MDK5\C51\INC\ATMEL\REGX52.H: attempt to redefine macro 'unsigned'
   2          #include "LCD1602.h"
*** ERROR C141 IN LINE 6 OF LCD1602.H: syntax error near 'char', expected ')'
*** ERROR C141 IN LINE 7 OF LCD1602.H: syntax error near 'char', expected ')'
*** ERROR C141 IN LINE 8 OF LCD1602.H: syntax error near 'char', expected ')'
*** ERROR C141 IN LINE 9 OF LCD1602.H: syntax error near 'char', expected ')'
*** ERROR C141 IN LINE 10 OF LCD1602.H: syntax error near 'char', expected ')'
*** ERROR C141 IN LINE 11 OF LCD1602.H: syntax error near 'char', expected ')'
   3          #include "Timer0.h"
   4          #include "Delay.h"
*** ERROR C141 IN LINE 4 OF DELAY.H: syntax error near 'int', expected ')'
   5          
   6          unsigned char Sec=0;
*** ERROR C129 IN LINE 6 OF MAIN.C: missing ';' before 'char'
   7          unsigned char Min=47;
   8          unsigned char Hou=21;
   9          
  10          int main(void)
  11          {
  12              LCD_Init();
  13              Timer0_Init();
  14              
  15              LCD_ShowString(1,1,"CLOCK:");
  16              LCD_ShowChar(2,3,':');
  17              LCD_ShowChar(2,6,':');    
  18              for(;;)
  19              {
  20                  LCD_ShowNum(2,7,Sec,2);
  21                  LCD_ShowNum(2,4,Min,2);
  22                  LCD_ShowNum(2,1,Hou,2);        
  23              }
  24              return 0;
  25          }
  26          
  27          void Timer0_Routine() interrupt 1
  28          {
  29              static unsigned int T0Count;
  30                  TL0 = 0x66;                             
  31                  TH0 = 0xFC;
  32              T0Count++;
  33              if(T0Count==1000)
  34              {
  35                  T0Count = 0;
  36                  Sec++;
  37                  if(Sec == 60)
  38                  {
  39                      Sec = 0;
  40                      Min++;
  41                      if(Min == 60)
  42                      {
  43                          Min = 0;
  44                          Hou++;
  45                      }
C51 COMPILER V9.01   MAIN                                                                  03/05/2023 00:01:57 PAGE 2   

  46                          if(Hou == 24)
  47                              Hou = 0;
  48                  }
  49                      
  50              }
  51          }

C51 COMPILATION COMPLETE.  1 WARNING(S),  8 ERROR(S)
