C51 COMPILER V9.54   _1_WIRE                                                               01/16/2023 13:15:11 PAGE 1   


C51 COMPILER V9.54, COMPILATION OF MODULE _1_WIRE
OBJECT MODULE PLACED IN .\Objects\_1-wire.obj
COMPILER INVOKED BY: E:\Keil5 C51\C51\BIN\C51.EXE _1-wire.c OPTIMIZE(8,SPEED) BROWSE DEBUG OBJECTEXTEND PRINT(.\Listings
                    -\_1-wire.lst) OBJECT(.\Objects\_1-wire.obj)

line level    source

   1          #include <REGX52.H>
   2          #include "Delay.h"
   3          sbit wire = P3^7;
   4          
   5          
   6          u8 _1_wire_Init()
   7          {
   8   1          wire = 0;
   9   1          Delay_us(24);
  10   1          wire = 1;
  11   1          Delay_us(6);
  12   1          if(wire == 0)
  13   1              return 1;
  14   1      }
  15          
  16          
  17          
*** WARNING C291 IN LINE 14 OF _1-wire.c: not every exit path returns a value


MODULE INFORMATION:   STATIC OVERLAYABLE
   CODE SIZE        =     24    ----
   CONSTANT SIZE    =   ----    ----
   XDATA SIZE       =   ----    ----
   PDATA SIZE       =   ----    ----
   DATA SIZE        =   ----    ----
   IDATA SIZE       =   ----    ----
   BIT SIZE         =   ----    ----
END OF MODULE INFORMATION.


C51 COMPILATION COMPLETE.  1 WARNING(S),  0 ERROR(S)
