C51 COMPILER V9.60.7.0   AT24C02                                                           03/05/2023 11:00:37 PAGE 1   


C51 COMPILER V9.60.7.0, COMPILATION OF MODULE AT24C02
OBJECT MODULE PLACED IN .\Objects\AT24C02.obj
COMPILER INVOKED BY: E:\keil5_MDKorC51\C51\BIN\C51.EXE AT24C02.c OPTIMIZE(8,SPEED) BROWSE DEBUG OBJECTEXTEND PRINT(.\Lis
                    -tings\AT24C02.lst) TABS(2) OBJECT(.\Objects\AT24C02.obj)

line level    source

   1          #include "I2C.h"
   2          #include <REGX52.H>
   3          /*
   4          u8 AT24C02_write(u8 addr,u8 dat)
   5          {
   6              u8 ask = 0;
   7              I2C_start();
   8              I2C_send_byte(0xA0);
   9              ask = I2C_receive_ack();
  10              if(ask==0)
  11                  I2C_send_byte(dat);
  12              else
  13                  return 0;
  14              ask = I2C_receive_ack();
  15              I2C_stop();
  16              return 1;
  17          }
  18          */
  19          void AT24C02_write(u8 addr,u8 dat)//对从机某个地址写入一个数据
*** ERROR C141 IN LINE 19 OF AT24C02.c: syntax error near 'addr', expected ')'
  20          {
  21   1          I2C_start();//开始
  22   1          I2C_send_byte(0xA0);//往I2C总线上发送地址寻找对应从机
  23   1          I2C_receive_ack();//从机应答
  24   1          I2C_send_byte(addr);//发送要写入数据的地址，称为字地址，就是数据存在哪
*** ERROR C202 IN LINE 24 OF AT24C02.c: 'addr': undefined identifier
  25   1          I2C_receive_ack();//从机应答
  26   1          I2C_send_byte(dat);//要在字地址上写入什么数据
*** ERROR C202 IN LINE 26 OF AT24C02.c: 'dat': undefined identifier
  27   1          I2C_receive_ack();//从机应答
  28   1          I2C_stop();//停止
  29   1      }
  30          u8 AT24C02_read(u8 addr)//对从机某个地址读出一个数据,写加读（复合格式）
*** ERROR C129 IN LINE 30 OF AT24C02.c: missing ';' before 'AT24C02_read'
  31          {
  32              u8 dat = 0;//定义一个变量接收读出的数据
  33              I2C_start();//开始
  34              I2C_send_byte(0xA0);//发送从机地址+写操作（0为写1为读）等待从机应答
  35              I2C_receive_ack();//从机应答
  36              I2C_send_byte(addr);//发送要读的数据所在地址
  37              I2C_receive_ack();//从机应答
  38              
  39              I2C_start();//再来一个开始
  40              I2C_send_byte(0xA1);//发送从机地址+读操作等待从机应答
  41              I2C_receive_ack();//从机应答
  42              dat = I2C_receive_byte();//从机读出数据所在地址包含的数据并发送出来
  43              I2C_send_ack(1);//主机不应答
  44              I2C_stop();//停止
  45              return dat;
  46          }
  47          
  48          
  49          
  50          
C51 COMPILER V9.60.7.0   AT24C02                                                           03/05/2023 11:00:37 PAGE 2   

  51          
  52          
  53          

C51 COMPILATION COMPLETE.  0 WARNING(S),  4 ERROR(S)
