C51 COMPILER V9.60.7.0   BEEP                                                              03/05/2023 11:00:38 PAGE 1   


C51 COMPILER V9.60.7.0, COMPILATION OF MODULE BEEP
OBJECT MODULE PLACED IN .\Objects\beep.obj
COMPILER INVOKED BY: E:\keil5_MDKorC51\C51\BIN\C51.EXE beep.c OPTIMIZE(8,SPEED) BROWSE DEBUG OBJECTEXTEND PRINT(.\Listin
                    -gs\beep.lst) TABS(2) OBJECT(.\Objects\beep.obj)

line level    source

   1          #include "Delay.h"
   2          #include <REGX52.H>
   3          
   4          sbit BEEP=P2^5;
   5          /*******************************************************************************
   6          * 函 数 名       : beep_alarm
   7          * 函数功能     : 蜂鸣器报警函数
   8          * 输    入       : time：报警持续时间
   9                     fre：报警频率
  10          * 输    出       : 无
  11          *******************************************************************************/
  12          void beep_alarm(unsigned int time,unsigned int fre)
  13          {
  14   1        while(time--)
  15   1        {
  16   2          BEEP=!BEEP;
  17   2          delay_10us(fre);  
  18   2        }   
  19   1      }


MODULE INFORMATION:   STATIC OVERLAYABLE
   CODE SIZE        =     33    ----
   CONSTANT SIZE    =   ----    ----
   XDATA SIZE       =   ----    ----
   PDATA SIZE       =   ----    ----
   DATA SIZE        =   ----       4
   IDATA SIZE       =   ----    ----
   BIT SIZE         =   ----    ----
END OF MODULE INFORMATION.


C51 COMPILATION COMPLETE.  0 WARNING(S),  0 ERROR(S)
