C51 COMPILER V9.60.0.0   MAIN                                                              12/31/2022 15:07:20 PAGE 1   


C51 COMPILER V9.60.0.0, COMPILATION OF MODULE MAIN
OBJECT MODULE PLACED IN .\Objects\main.obj
COMPILER INVOKED BY: E:\MDK5\C51\BIN\C51.EXE main.c OPTIMIZE(8,SPEED) BROWSE DEBUG OBJECTEXTEND PRINT(.\Listings\main.ls
                    -t) OBJECT(.\Objects\main.obj)

line level    source

   1          #include <REGX52.H>
   2          #include "Delay.h"
   3          #include "LCD1602.h"
   4          
   5          int main()
   6          {
   7   1          int a;
   8   1          LCD_Init();
   9   1      //    LCD_ShowChar(1,1,'A');
  10   1      //    LCD_ShowString(2,1,"hello world!");
  11   1      //    LCD_ShowNum(1,3,6,1);
  12   1      //    LCD_ShowSignedNum(1,5,-86,2);
  13   1      //    LCD_ShowHexNum(1,9,0x3D,2);
  14   1      //    LCD_ShowBinNum(1,12,0xAA,4);
  15   1          a = 1 + 1;
  16   1          
  17   1      
  18   1          for(;;a++)
  19   1          {
  20   2              Delay(1000);
  21   2              LCD_ShowNum(1,1,a,4);
  22   2          }
  23   1          return 0;
  24   1      }
  25          
  26          
  27          
  28          
  29          
  30          
  31          
  32          
  33          
  34          
  35          
  36          
*** WARNING C294 IN LINE 23 OF main.c: unreachable code


MODULE INFORMATION:   STATIC OVERLAYABLE
   CODE SIZE        =     40    ----
   CONSTANT SIZE    =   ----    ----
   XDATA SIZE       =   ----    ----
   PDATA SIZE       =   ----    ----
   DATA SIZE        =   ----       2
   IDATA SIZE       =   ----    ----
   BIT SIZE         =   ----    ----
END OF MODULE INFORMATION.


C51 COMPILATION COMPLETE.  1 WARNING(S),  0 ERROR(S)
