C51 COMPILER V9.54   MAIN                                                                  01/05/2023 18:22:03 PAGE 1   


C51 COMPILER V9.54, COMPILATION OF MODULE MAIN
OBJECT MODULE PLACED IN .\Objects\main.obj
COMPILER INVOKED BY: E:\Keil5 C51\C51\BIN\C51.EXE main.c OPTIMIZE(8,SPEED) BROWSE DEBUG OBJECTEXTEND PRINT(.\Listings\ma
                    -in.lst) OBJECT(.\Objects\main.obj)

line level    source

   1          #include <REGX52.H>
   2          #include "Delay.h"
   3          #include "UART.h"
   4          
   5          int main(void)
   6          {
   7   1          UART_Init();
   8   1          for(;;)
   9   1          {
  10   2               
  11   2          }
  12   1          return 0;
  13   1      }
  14          
  15          
  16          void UART_Routine() interrupt 4
  17          {
  18   1          if(RI == 1)
  19   1          {
  20   2              P2 = ~SBUF;
  21   2              UART_SendByte(SBUF);
  22   2              RI = 0;
  23   2          }
  24   1      }
  25          
  26          
  27          
  28          
*** WARNING C294 IN LINE 12 OF main.c: unreachable code


MODULE INFORMATION:   STATIC OVERLAYABLE
   CODE SIZE        =     76    ----
   CONSTANT SIZE    =   ----    ----
   XDATA SIZE       =   ----    ----
   PDATA SIZE       =   ----    ----
   DATA SIZE        =   ----    ----
   IDATA SIZE       =   ----    ----
   BIT SIZE         =   ----    ----
END OF MODULE INFORMATION.


C51 COMPILATION COMPLETE.  1 WARNING(S),  0 ERROR(S)
