C51 COMPILER V9.54   UART                                                                  01/05/2023 18:22:03 PAGE 1   


C51 COMPILER V9.54, COMPILATION OF MODULE UART
OBJECT MODULE PLACED IN .\Objects\UART.obj
COMPILER INVOKED BY: E:\Keil5 C51\C51\BIN\C51.EXE UART.c OPTIMIZE(8,SPEED) BROWSE DEBUG OBJECTEXTEND PRINT(.\Listings\UA
                    -RT.lst) OBJECT(.\Objects\UART.obj)

line level    source

   1          #include <REGX52.H>
   2          
   3          void UART_Init()        //4800bps@11.0592MHz
   4          {
   5   1          SCON = 0x50;        //等待电脑发送数据触发中断，打开REN
   6   1          PCON &= 0x7F;               //波特率不倍速,11.0592没有误差不用倍速
   7   1          
   8   1          TMOD &= 0x0F;       //设置定时器模式,清除定时器1模式位
   9   1              TMOD |= 0x20;       //设置定时器模式，设置定时器1为8位自动重装模式
  10   1          TL1 = 0xFA;                 //设置定时初始值
  11   1              TH1 = 0xFA;                     //设置定时重载值
  12   1              ET1 = 0;            //禁止定时器中断
  13   1              TR1 = 1;                        //定时器1开始计时  
  14   1          EA = 1;
  15   1          ES = 1;
  16   1      }
  17          
  18          void UART_SendByte(unsigned char byte)//发送一字节数据到电脑
  19          {
  20   1          SBUF = byte;
  21   1          while(TI == 0);
  22   1          TI = 0;
  23   1      }
  24          
  25          
  26          
  27          
  28          
  29          
  30          


MODULE INFORMATION:   STATIC OVERLAYABLE
   CODE SIZE        =     35    ----
   CONSTANT SIZE    =   ----    ----
   XDATA SIZE       =   ----    ----
   PDATA SIZE       =   ----    ----
   DATA SIZE        =   ----    ----
   IDATA SIZE       =   ----    ----
   BIT SIZE         =   ----    ----
END OF MODULE INFORMATION.


C51 COMPILATION COMPLETE.  0 WARNING(S),  0 ERROR(S)
